#
# There is insufficient memory for the Java Runtime Environment to continue.
# Native memory allocation (mmap) failed to map 65536 bytes for Failed to commit metaspace.
# Possible reasons:
#   The system is out of physical RAM or swap space
#   The process is running with CompressedOops enabled, and the Java Heap may be blocking the growth of the native heap
# Possible solutions:
#   Reduce memory load on the system
#   Increase physical memory or swap space
#   Check if swap backing store is full
#   Decrease Java heap size (-Xmx/-Xms)
#   Decrease number of Java threads
#   Decrease Java thread stack sizes (-Xss)
#   Set larger code cache with -XX:ReservedCodeCacheSize=
#   JVM is running with Unscaled Compressed Oops mode in which the Java heap is
#     placed in the first 4GB address space. The Java Heap base address is the
#     maximum limit for the native heap growth. Please use -XX:HeapBaseMinAddress
#     to set the Java Heap base and to place the Java Heap above 4GB virtual address.
# This output file may be truncated or incomplete.
#
#  Out of Memory Error (virtualSpaceNode.cpp:110), pid=22488, tid=18188
#
# JRE version: Java(TM) SE Runtime Environment (20.0.2+9) (build 20.0.2+9-78)
# Java VM: Java HotSpot(TM) 64-Bit Server VM (20.0.2+9-78, mixed mode, emulated-client, sharing, tiered, compressed oops, compressed class ptrs, g1 gc, windows-amd64)
# No core dump will be written. Minidumps are not enabled by default on client versions of Windows
#

---------------  S U M M A R Y ------------

Command Line: -XX:TieredStopAtLevel=1 -Dspring.output.ansi.enabled=always -Dcom.sun.management.jmxremote -Dspring.jmx.enabled=true -Dspring.liveBeansView.mbeanDomain -Dspring.application.admin.enabled=true -Dmanagement.endpoints.jmx.exposure.include=* -javaagent:C:\Program Files\JetBrains\IntelliJ IDEA 2023.3.4\lib\idea_rt.jar=57683:C:\Program Files\JetBrains\IntelliJ IDEA 2023.3.4\bin -Dfile.encoding=UTF-8 -Dsun.stdout.encoding=UTF-8 -Dsun.stderr.encoding=UTF-8 org.peppermint.socialmedia.SocialmediaApplication

Host: 11th Gen Intel(R) Core(TM) i5-1135G7 @ 2.40GHz, 8 cores, 7G,  Windows 11 , 64 bit Build 26100 (10.0.26100.2992)
Time: Sat Feb  8 00:28:23 2025 SE Asia Standard Time elapsed time: 24.340422 seconds (0d 0h 0m 24s)

---------------  T H R E A D  ---------------

Current thread (0x000001ea69cd5480):  JavaThread "restartedMain" [_thread_in_vm, id=18188, stack(0x000000bbc7600000,0x000000bbc7700000)]

Stack: [0x000000bbc7600000,0x000000bbc7700000]
Native frames: (J=compiled Java code, j=interpreted, Vv=VM code, C=native code)
V  [jvm.dll+0x6bc25a]
V  [jvm.dll+0x84971a]
V  [jvm.dll+0x84b315]
V  [jvm.dll+0x84ba13]
V  [jvm.dll+0x280e4f]
V  [jvm.dll+0x84565b]
V  [jvm.dll+0x660616]
V  [jvm.dll+0x1eb7b7]
V  [jvm.dll+0x663032]
V  [jvm.dll+0x662e1e]
V  [jvm.dll+0x66102e]
V  [jvm.dll+0x27e2bc]
V  [jvm.dll+0x71134d]
V  [jvm.dll+0x711e4f]
V  [jvm.dll+0x3c8707]
V  [jvm.dll+0x3c77a7]
V  [jvm.dll+0x3c7748]
V  [jvm.dll+0x5c07ff]
V  [jvm.dll+0x5c08a8]
V  [jvm.dll+0x3dc0bc]
V  [jvm.dll+0x3dbb52]
C  0x000001ea1b16bdb1

Java frames: (J=compiled Java code, j=interpreted, Vv=VM code)
j  redis.clients.jedis.CommandObjects.<init>()V+44
j  redis.clients.jedis.Jedis.<init>(Lredis/clients/jedis/JedisSocketFactory;Lredis/clients/jedis/JedisClientConfig;)V+9
j  redis.clients.jedis.JedisFactory.makeObject()Lorg/apache/commons/pool2/PooledObject;+14
j  org.apache.commons.pool2.impl.GenericObjectPool.create()Lorg/apache/commons/pool2/PooledObject;+189
j  org.apache.commons.pool2.impl.GenericObjectPool.borrowObject(Ljava/time/Duration;)Ljava/lang/Object;+82
j  org.apache.commons.pool2.impl.GenericObjectPool.borrowObject()Ljava/lang/Object;+5
j  redis.clients.jedis.util.Pool.getResource()Ljava/lang/Object;+1
j  redis.clients.jedis.JedisPool.getResource()Lredis/clients/jedis/Jedis;+1
j  redis.clients.jedis.JedisPool.getResource()Ljava/lang/Object;+1
j  org.springframework.data.redis.connection.jedis.JedisConnectionFactory.fetchJedisConnector()Lredis/clients/jedis/Jedis;+18
j  org.springframework.data.redis.connection.jedis.JedisConnectionFactory.getConnection()Lorg/springframework/data/redis/connection/RedisConnection;+17
j  org.springframework.data.redis.listener.RedisMessageListenerContainer$Subscriber.lambda$initialize$0(Lorg/springframework/util/backoff/BackOffExecution;Ljava/util/Collection;Ljava/util/Collection;)Ljava/util/concurrent/CompletableFuture;+13
j  org.springframework.data.redis.listener.RedisMessageListenerContainer$Subscriber$$Lambda$1783+0x000001ea25ae97e8.get()Ljava/lang/Object;+16
j  org.springframework.data.redis.listener.RedisMessageListenerContainer$Subscriber.doInLock(Ljava/util/function/Supplier;)Ljava/lang/Object;+10
j  org.springframework.data.redis.listener.RedisMessageListenerContainer$Subscriber.initialize(Lorg/springframework/util/backoff/BackOffExecution;Ljava/util/Collection;Ljava/util/Collection;)Ljava/util/concurrent/CompletableFuture;+10
j  org.springframework.data.redis.listener.RedisMessageListenerContainer.doSubscribe(Lorg/springframework/util/backoff/BackOffExecution;)Z+135
j  org.springframework.data.redis.listener.RedisMessageListenerContainer.lazyListen(Lorg/springframework/util/backoff/BackOffExecution;)Ljava/util/concurrent/CompletableFuture;+28
j  org.springframework.data.redis.listener.RedisMessageListenerContainer.lazyListen()V+44
j  org.springframework.data.redis.listener.RedisMessageListenerContainer.start()V+22
j  org.springframework.context.support.DefaultLifecycleProcessor.doStart(Ljava/util/Map;Ljava/lang/String;Z)V+136
j  org.springframework.context.support.DefaultLifecycleProcessor$LifecycleGroup.start()V+94
j  org.springframework.context.support.DefaultLifecycleProcessor$$Lambda$1765+0x000001ea25ae6200.accept(Ljava/lang/Object;)V+4
J 6236 c1 java.lang.Iterable.forEach(Ljava/util/function/Consumer;)V java.base@20.0.2 (39 bytes) @ 0x000001ea1bd87e74 [0x000001ea1bd87de0+0x0000000000000094]
j  org.springframework.context.support.DefaultLifecycleProcessor.startBeans(Z)V+48
j  org.springframework.context.support.DefaultLifecycleProcessor.onRefresh()V+41
j  org.springframework.context.support.AbstractApplicationContext.finishRefresh()V+16
j  org.springframework.context.support.AbstractApplicationContext.refresh()V+98
j  org.springframework.boot.web.servlet.context.ServletWebServerApplicationContext.refresh()V+1
j  org.springframework.boot.SpringApplication.refresh(Lorg/springframework/context/ConfigurableApplicationContext;)V+1
j  org.springframework.boot.SpringApplication.refreshContext(Lorg/springframework/context/ConfigurableApplicationContext;)V+19
j  org.springframework.boot.SpringApplication.run([Ljava/lang/String;)Lorg/springframework/context/ConfigurableApplicationContext;+113
j  org.springframework.boot.SpringApplication.run([Ljava/lang/Class;[Ljava/lang/String;)Lorg/springframework/context/ConfigurableApplicationContext;+9
j  org.springframework.boot.SpringApplication.run(Ljava/lang/Class;[Ljava/lang/String;)Lorg/springframework/context/ConfigurableApplicationContext;+9
j  org.peppermint.socialmedia.SocialmediaApplication.main([Ljava/lang/String;)V+3
j  java.lang.invoke.LambdaForm$DMH+0x000001ea25003000.invokeStatic(Ljava/lang/Object;Ljava/lang/Object;)V+10 java.base@20.0.2
j  java.lang.invoke.LambdaForm$MH+0x000001ea2511d000.invoke(Ljava/lang/Object;Ljava/lang/Object;Ljava/lang/Object;)Ljava/lang/Object;+33 java.base@20.0.2
j  java.lang.invoke.Invokers$Holder.invokeExact_MT(Ljava/lang/Object;Ljava/lang/Object;Ljava/lang/Object;Ljava/lang/Object;)Ljava/lang/Object;+20 java.base@20.0.2
j  jdk.internal.reflect.DirectMethodHandleAccessor.invokeImpl(Ljava/lang/Object;[Ljava/lang/Object;)Ljava/lang/Object;+55 java.base@20.0.2
j  jdk.internal.reflect.DirectMethodHandleAccessor.invoke(Ljava/lang/Object;[Ljava/lang/Object;)Ljava/lang/Object;+23 java.base@20.0.2
j  java.lang.reflect.Method.invoke(Ljava/lang/Object;[Ljava/lang/Object;)Ljava/lang/Object;+102 java.base@20.0.2
j  org.springframework.boot.devtools.restart.RestartLauncher.run()V+47
v  ~StubRoutines::call_stub 0x000001ea1b1410e7

Compiled method (c1)   24381 6236       1       java.lang.Iterable::forEach (39 bytes)
 total in heap  [0x000001ea1bd87c10,0x000001ea1bd88100] = 1264
 relocation     [0x000001ea1bd87d58,0x000001ea1bd87dc8] = 112
 main code      [0x000001ea1bd87de0,0x000001ea1bd87f78] = 408
 stub code      [0x000001ea1bd87f78,0x000001ea1bd88000] = 136
 metadata       [0x000001ea1bd88000,0x000001ea1bd88010] = 16
 scopes data    [0x000001ea1bd88010,0x000001ea1bd88068] = 88
 scopes pcs     [0x000001ea1bd88068,0x000001ea1bd880f8] = 144
 dependencies   [0x000001ea1bd880f8,0x000001ea1bd88100] = 8

[Constant Pool (empty)]

[MachCode]
[Entry Point]
  # {method} {0x000001ea24057a10} 'forEach' '(Ljava/util/function/Consumer;)V' in 'java/lang/Iterable'
  # this:     rdx:rdx   = 'java/lang/Iterable'
  # parm0:    r8:r8     = 'java/util/function/Consumer'
  #           [sp+0x70]  (sp of caller)
  0x000001ea1bd87de0: 448b 5208 | 49bb 0000 | 0024 ea01 | 0000 4d03 | d34c 3bd0 

  0x000001ea1bd87df4: ;   {runtime_call ic_miss_stub}
  0x000001ea1bd87df4: 0f85 06c7 | 41ff 660f | 1f44 0000 
[Verified Entry Point]
  0x000001ea1bd87e00: 8984 2400 | 80ff ff55 | 4883 ec60 | 4181 7f20 | 0b00 0000 

  0x000001ea1bd87e14: ;   {runtime_call StubRoutines (2)}
  0x000001ea1bd87e14: 7405 e8c5 | 6040 ff4c | 8944 2430 | 4983 f800 | 0f84 8a00 | 0000 6666 | 9048 b8e0 | 8211 6cea 
  0x000001ea1bd87e34: ;   {virtual_call}
  0x000001ea1bd87e34: 0100 00e8 

  0x000001ea1bd87e38: ; ImmutableOopMap {[48]=Oop }
                      ;*invokeinterface iterator {reexecute=0 rethrow=0 return_oop=0}
                      ; - java.lang.Iterable::forEach@6 (line 74)
  0x000001ea1bd87e38: 5411 4fff | 4889 4424 | 38e9 3e00 | 0000 6690 | 488b 5424 | 3848 b800 | ae89 6bea 

  0x000001ea1bd87e54: ;   {virtual_call}
  0x000001ea1bd87e54: 0100 00e8 

  0x000001ea1bd87e58: ; ImmutableOopMap {[48]=Oop [56]=Oop }
                      ;*invokeinterface next {reexecute=0 rethrow=0 return_oop=0}
                      ; - java.lang.Iterable::forEach@22 (line 74)
  0x000001ea1bd87e58: fc12 4fff | 4c8b c048 | 8b54 2430 | 9048 b840 | 7a11 6cea 

  0x000001ea1bd87e6c: ;   {virtual_call}
  0x000001ea1bd87e6c: 0100 00e8 

  0x000001ea1bd87e70: ; ImmutableOopMap {[48]=Oop [56]=Oop }
                      ;*invokeinterface accept {reexecute=0 rethrow=0 return_oop=0}
                      ; - java.lang.Iterable::forEach@30 (line 75)
  0x000001ea1bd87e70: 1c11 4fff | 904d 8b97 

  0x000001ea1bd87e78: ; ImmutableOopMap {[48]=Oop [56]=Oop }
                      ;*goto {reexecute=1 rethrow=0 return_oop=0}
                      ; - (reexecute) java.lang.Iterable::forEach@35 (line 76)
  0x000001ea1bd87e78: 8003 0000 

  0x000001ea1bd87e7c: ;   {poll}
  0x000001ea1bd87e7c: 4185 0248 | 8b44 2438 | 488b d066 | 0f1f 4400 | 0048 b810 | 8311 6cea 

  0x000001ea1bd87e94: ;   {virtual_call}
  0x000001ea1bd87e94: 0100 00e8 

  0x000001ea1bd87e98: ; ImmutableOopMap {[48]=Oop [56]=Oop }
                      ;*invokeinterface hasNext {reexecute=0 rethrow=0 return_oop=0}
                      ; - java.lang.Iterable::forEach@13 (line 74)
  0x000001ea1bd87e98: 0412 4fff | 83f8 0075 | a748 83c4 

  0x000001ea1bd87ea4: ;   {poll_return}
  0x000001ea1bd87ea4: 605d 493b | a778 0300 | 000f 877b | 0000 00c3 | 4889 5424 

  0x000001ea1bd87eb8: ;   {metadata('java/lang/NullPointerException')}
  0x000001ea1bd87eb8: 4848 bac0 | da06 24ea | 0100 0049 | 8b87 f800 | 0000 488d | 7830 493b | bf08 0100 | 000f 8769 
  0x000001ea1bd87ed8: 0000 0049 | 89bf f800 | 0000 48c7 | 0001 0000 | 0048 8bca | 49ba 0000 | 0024 ea01 | 0000 492b 
  0x000001ea1bd87ef8: ca89 4808 | 4833 c989 | 480c 4833 | c948 8948 | 1048 8948 | 1848 8948 | 2048 8948 | 2848 8bd0 
  0x000001ea1bd87f18: 4889 4424 

  0x000001ea1bd87f1c: ;   {optimized virtual_call}
  0x000001ea1bd87f1c: 4066 90e8 

  0x000001ea1bd87f20: ; ImmutableOopMap {[48]=Oop [64]=Oop [72]=Oop }
                      ;*invokespecial <init> {reexecute=0 rethrow=0 return_oop=0}
                      ; - java.util.Objects::requireNonNull@8 (line 233)
                      ; - java.lang.Iterable::forEach@1 (line 73)
  0x000001ea1bd87f20: dcca 41ff | 488b 4424 | 40e9 3d00 

  0x000001ea1bd87f2c: ;   {internal_word}
  0x000001ea1bd87f2c: 0000 49ba | a67e d81b | ea01 0000 | 4d89 9790 

  0x000001ea1bd87f3c: ;   {runtime_call SafepointBlob}
  0x000001ea1bd87f3c: 0300 00e9 | bc47 42ff 

  0x000001ea1bd87f44: ;   {runtime_call fast_new_instance Runtime1 stub}
  0x000001ea1bd87f44: 488b d2e8 

  0x000001ea1bd87f48: ; ImmutableOopMap {[48]=Oop [72]=Oop }
                      ;*new {reexecute=0 rethrow=0 return_oop=0}
                      ; - java.util.Objects::requireNonNull@4 (line 233)
                      ; - java.lang.Iterable::forEach@1 (line 73)
  0x000001ea1bd87f48: b462 4eff | ebc7 498b | 8728 0400 | 0049 c787 | 2804 0000 | 0000 0000 | 49c7 8730 | 0400 0000 
  0x000001ea1bd87f68: 0000 0048 | 83c4 605d 

  0x000001ea1bd87f70: ;   {runtime_call unwind_exception Runtime1 stub}
  0x000001ea1bd87f70: e90b 434e | fff4 f4f4 
[Stub Code]
  0x000001ea1bd87f78: ;   {no_reloc}
  0x000001ea1bd87f78: 0f1f 4400 

  0x000001ea1bd87f7c: ;   {static_stub}
  0x000001ea1bd87f7c: 0048 bb00 | 0000 0000 

  0x000001ea1bd87f84: ;   {runtime_call}
  0x000001ea1bd87f84: 0000 00e9 | fbff ffff 

  0x000001ea1bd87f8c: ;   {static_stub}
  0x000001ea1bd87f8c: 9048 bb00 | 0000 0000 

  0x000001ea1bd87f94: ;   {runtime_call}
  0x000001ea1bd87f94: 0000 00e9 | fbff ffff 

  0x000001ea1bd87f9c: ;   {static_stub}
  0x000001ea1bd87f9c: 9048 bb00 | 0000 0000 

  0x000001ea1bd87fa4: ;   {runtime_call}
  0x000001ea1bd87fa4: 0000 00e9 | fbff ffff 

  0x000001ea1bd87fac: ;   {static_stub}
  0x000001ea1bd87fac: 9048 bb00 | 0000 0000 

  0x000001ea1bd87fb4: ;   {runtime_call}
  0x000001ea1bd87fb4: 0000 00e9 | fbff ffff 
[Exception Handler]
  0x000001ea1bd87fbc: ;   {runtime_call handle_exception_from_callee Runtime1 stub}
  0x000001ea1bd87fbc: e8bf 894e 

  0x000001ea1bd87fc0: ;   {external_word}
  0x000001ea1bd87fc0: ff48 b9b0 | 339d 90f8 | 7f00 0048 

  0x000001ea1bd87fcc: ;   {runtime_call}
  0x000001ea1bd87fcc: 83e4 f048 | b860 1d69 | 90f8 7f00 | 00ff d0f4 
[Deopt Handler Code]
  0x000001ea1bd87fdc: ;   {section_word}
  0x000001ea1bd87fdc: 49ba dc7f | d81b ea01 | 0000 4152 

  0x000001ea1bd87fe8: ;   {runtime_call DeoptimizationBlob}
  0x000001ea1bd87fe8: e9b3 5b42 

  0x000001ea1bd87fec: ;   {static_stub}
  0x000001ea1bd87fec: ff48 bb00 | 0000 0000 

  0x000001ea1bd87ff4: ;   {runtime_call}
  0x000001ea1bd87ff4: 0000 00e9 | fbff ffff | f4f4 f4f4 
[/MachCode]


---------------  P R O C E S S  ---------------

Threads class SMR info:
_java_thread_list=0x000001ea6bf8d010, length=40, elements={
0x000001ea13003df0, 0x000001ea23f5d9d0, 0x000001ea23f5e4b0, 0x000001ea23f623a0,
0x000001ea23f631c0, 0x000001ea23f63ca0, 0x000001ea23f64f20, 0x000001ea23f662d0,
0x000001ea69169900, 0x000001ea6960f230, 0x000001ea6960f780, 0x000001ea698f9f40,
0x000001ea69bde310, 0x000001ea69c0b830, 0x000001ea69cb1ab0, 0x000001ea69cd5480,
0x000001ea6a3a15b0, 0x000001ea6a3a1b00, 0x000001ea6a3a3ae0, 0x000001ea6a3a25a0,
0x000001ea6a3a3040, 0x000001ea6a3a3590, 0x000001ea6c00e640, 0x000001ea6c00f6f0,
0x000001ea6a3a4580, 0x000001ea6a3a1060, 0x000001ea6b5d0040, 0x000001ea6b5ce5b0,
0x000001ea6b5cd070, 0x000001ea6b5d0ae0, 0x000001ea6b5ceb00, 0x000001ea6b5cfaf0,
0x000001ea6b5cd5c0, 0x000001ea6b5ce060, 0x000001ea6b5cf050, 0x000001ea6b5cf5a0,
0x000001ea6b5d1030, 0x000001ea6b5cdb10, 0x000001ea6b5d2ac0, 0x000001ea6b5d3010
}

Java Threads: ( => current thread )
  0x000001ea13003df0 JavaThread "main" [_thread_blocked, id=3052, stack(0x000000bbc5600000,0x000000bbc5700000)]
  0x000001ea23f5d9d0 JavaThread "Reference Handler" daemon [_thread_blocked, id=18436, stack(0x000000bbc5d00000,0x000000bbc5e00000)]
  0x000001ea23f5e4b0 JavaThread "Finalizer" daemon [_thread_blocked, id=20920, stack(0x000000bbc5e00000,0x000000bbc5f00000)]
  0x000001ea23f623a0 JavaThread "Signal Dispatcher" daemon [_thread_blocked, id=19408, stack(0x000000bbc5f00000,0x000000bbc6000000)]
  0x000001ea23f631c0 JavaThread "Attach Listener" daemon [_thread_blocked, id=20912, stack(0x000000bbc6000000,0x000000bbc6100000)]
  0x000001ea23f63ca0 JavaThread "Service Thread" daemon [_thread_blocked, id=4116, stack(0x000000bbc6100000,0x000000bbc6200000)]
  0x000001ea23f64f20 JavaThread "Monitor Deflation Thread" daemon [_thread_blocked, id=10672, stack(0x000000bbc6200000,0x000000bbc6300000)]
  0x000001ea23f662d0 JavaThread "C1 CompilerThread0" daemon [_thread_blocked, id=1328, stack(0x000000bbc6300000,0x000000bbc6400000)]
  0x000001ea69169900 JavaThread "Common-Cleaner" daemon [_thread_blocked, id=22840, stack(0x000000bbc6400000,0x000000bbc6500000)]
  0x000001ea6960f230 JavaThread "Monitor Ctrl-Break" daemon [_thread_in_native, id=1556, stack(0x000000bbc6700000,0x000000bbc6800000)]
  0x000001ea6960f780 JavaThread "Notification Thread" daemon [_thread_blocked, id=8840, stack(0x000000bbc6800000,0x000000bbc6900000)]
  0x000001ea698f9f40 JavaThread "RMI TCP Accept-0" daemon [_thread_in_native, id=18720, stack(0x000000bbc6a00000,0x000000bbc6b00000)]
  0x000001ea69bde310 JavaThread "RMI TCP Connection(1)-192.168.0.105" daemon [_thread_blocked, id=14160, stack(0x000000bbc6c00000,0x000000bbc6d00000)]
  0x000001ea69c0b830 JavaThread "RMI Scheduler(0)" daemon [_thread_blocked, id=4324, stack(0x000000bbc6d00000,0x000000bbc6e00000)]
  0x000001ea69cb1ab0 JavaThread "Thread-0" [_thread_blocked, id=22556, stack(0x000000bbc7500000,0x000000bbc7600000)]
=>0x000001ea69cd5480 JavaThread "restartedMain" [_thread_in_vm, id=18188, stack(0x000000bbc7600000,0x000000bbc7700000)]
  0x000001ea6a3a15b0 JavaThread "Catalina-utility-1" [_thread_blocked, id=22364, stack(0x000000bbc7800000,0x000000bbc7900000)]
  0x000001ea6a3a1b00 JavaThread "Catalina-utility-2" [_thread_blocked, id=2600, stack(0x000000bbc7900000,0x000000bbc7a00000)]
  0x000001ea6a3a3ae0 JavaThread "container-0" [_thread_blocked, id=21972, stack(0x000000bbc7a00000,0x000000bbc7b00000)]
  0x000001ea6a3a25a0 JavaThread "mysql-cj-abandoned-connection-cleanup" daemon [_thread_blocked, id=14980, stack(0x000000bbc7b00000,0x000000bbc7c00000)]
  0x000001ea6a3a3040 JavaThread "HikariPool-1 housekeeper" daemon [_thread_blocked, id=4768, stack(0x000000bbc7d00000,0x000000bbc7e00000)]
  0x000001ea6a3a3590 JavaThread "commons-pool-evictor" daemon [_thread_blocked, id=12420, stack(0x000000bbc6600000,0x000000bbc6700000)]
  0x000001ea6c00e640 JavaThread "C1 CompilerThread1" daemon [_thread_blocked, id=21988, stack(0x000000bbc6500000,0x000000bbc6600000)]
  0x000001ea6c00f6f0 JavaThread "C1 CompilerThread2" daemon [_thread_blocked, id=18264, stack(0x000000bbc6900000,0x000000bbc6a00000)]
  0x000001ea6a3a4580 JavaThread "File Watcher" daemon [_thread_blocked, id=21592, stack(0x000000bbc7e00000,0x000000bbc7f00000)]
  0x000001ea6a3a1060 JavaThread "Live Reload Server" daemon [_thread_in_native, id=3152, stack(0x000000bbc8000000,0x000000bbc8100000)]
  0x000001ea6b5d0040 JavaThread "MessageBroker-1" [_thread_blocked, id=21932, stack(0x000000bbc7f00000,0x000000bbc8000000)]
  0x000001ea6b5ce5b0 JavaThread "http-nio-5454-exec-1" daemon [_thread_blocked, id=10748, stack(0x000000bbc8100000,0x000000bbc8200000)]
  0x000001ea6b5cd070 JavaThread "http-nio-5454-exec-2" daemon [_thread_blocked, id=12276, stack(0x000000bbc8200000,0x000000bbc8300000)]
  0x000001ea6b5d0ae0 JavaThread "http-nio-5454-exec-3" daemon [_thread_blocked, id=10000, stack(0x000000bbc8300000,0x000000bbc8400000)]
  0x000001ea6b5ceb00 JavaThread "http-nio-5454-exec-4" daemon [_thread_blocked, id=6280, stack(0x000000bbc8400000,0x000000bbc8500000)]
  0x000001ea6b5cfaf0 JavaThread "http-nio-5454-exec-5" daemon [_thread_blocked, id=15824, stack(0x000000bbc8500000,0x000000bbc8600000)]
  0x000001ea6b5cd5c0 JavaThread "http-nio-5454-exec-6" daemon [_thread_blocked, id=9696, stack(0x000000bbc8600000,0x000000bbc8700000)]
  0x000001ea6b5ce060 JavaThread "http-nio-5454-exec-7" daemon [_thread_blocked, id=17676, stack(0x000000bbc8700000,0x000000bbc8800000)]
  0x000001ea6b5cf050 JavaThread "http-nio-5454-exec-8" daemon [_thread_blocked, id=14656, stack(0x000000bbc8800000,0x000000bbc8900000)]
  0x000001ea6b5cf5a0 JavaThread "http-nio-5454-exec-9" daemon [_thread_blocked, id=9556, stack(0x000000bbc8900000,0x000000bbc8a00000)]
  0x000001ea6b5d1030 JavaThread "http-nio-5454-exec-10" daemon [_thread_blocked, id=11796, stack(0x000000bbc8a00000,0x000000bbc8b00000)]
  0x000001ea6b5cdb10 JavaThread "http-nio-5454-Poller" daemon [_thread_blocked, id=18400, stack(0x000000bbc8b00000,0x000000bbc8c00000)]
  0x000001ea6b5d2ac0 JavaThread "http-nio-5454-Acceptor" daemon [_thread_in_native, id=20064, stack(0x000000bbc8c00000,0x000000bbc8d00000)]
  0x000001ea6b5d3010 JavaThread "JMX server connection timeout 97" daemon [_thread_blocked, id=18536, stack(0x000000bbc8d00000,0x000000bbc8e00000)]

Other Threads:
  0x000001ea23f40330 VMThread "VM Thread" [stack: 0x000000bbc5c00000,0x000000bbc5d00000] [id=11308] _threads_hazard_ptr=0x000001ea6bf8d010
  0x000001ea13004c20 WatcherThread "VM Periodic Task Thread" [stack: 0x000000bbc6b00000,0x000000bbc6c00000] [id=17444]
  0x000001ea1305db70 WorkerThread "GC Thread#0" [stack: 0x000000bbc5700000,0x000000bbc5800000] [id=19392]
  0x000001ea69bf6a30 WorkerThread "GC Thread#1" [stack: 0x000000bbc6e00000,0x000000bbc6f00000] [id=14072]
  0x000001ea69c3e870 WorkerThread "GC Thread#2" [stack: 0x000000bbc6f00000,0x000000bbc7000000] [id=2624]
  0x000001ea69c3fb50 WorkerThread "GC Thread#3" [stack: 0x000000bbc7000000,0x000000bbc7100000] [id=17776]
  0x000001ea69c3fe20 WorkerThread "GC Thread#4" [stack: 0x000000bbc7100000,0x000000bbc7200000] [id=3508]
  0x000001ea69c42100 WorkerThread "GC Thread#5" [stack: 0x000000bbc7200000,0x000000bbc7300000] [id=9552]
  0x000001ea69c45ff0 WorkerThread "GC Thread#6" [stack: 0x000000bbc7300000,0x000000bbc7400000] [id=12004]
  0x000001ea69c454b0 WorkerThread "GC Thread#7" [stack: 0x000000bbc7400000,0x000000bbc7500000] [id=14724]
  0x000001ea1306edc0 ConcurrentGCThread "G1 Main Marker" [stack: 0x000000bbc5800000,0x000000bbc5900000] [id=13836]
  0x000001ea1306f600 WorkerThread "G1 Conc#0" [stack: 0x000000bbc5900000,0x000000bbc5a00000] [id=4740]
  0x000001ea69c45a50 WorkerThread "G1 Conc#1" [stack: 0x000000bbc7700000,0x000000bbc7800000] [id=15804]
  0x000001ea23e00fc0 ConcurrentGCThread "G1 Refine#0" [stack: 0x000000bbc5a00000,0x000000bbc5b00000] [id=22332]
  0x000001ea23e01710 ConcurrentGCThread "G1 Service" [stack: 0x000000bbc5b00000,0x000000bbc5c00000] [id=6840]

Threads with active compile tasks:

VM state: synchronizing (normal execution)

VM Mutex/Monitor currently owned by a thread:  ([mutex/lock_event])
[0x000001ea115c56a0] Metaspace_lock - owner thread: 0x000001ea69cd5480
[0x000001ea13001ff0] Threads_lock - owner thread: 0x000001ea23f40330

Heap address: 0x0000000084a00000, size: 1974 MB, Compressed Oops mode: 32-bit

CDS archive(s) mapped at: [0x000001ea24000000-0x000001ea24c60000-0x000001ea24c60000), size 12976128, SharedBaseAddress: 0x000001ea24000000, ArchiveRelocationMode: 1.
Compressed class space mapped at: 0x000001ea25000000-0x000001ea65000000, reserved size: 1073741824
Narrow klass base: 0x000001ea24000000, Narrow klass shift: 0, Narrow klass range: 0x100000000

GC Precious Log:
 CardTable entry size: 512
 Card Set container configuration: InlinePtr #cards 5 size 8 Array Of Cards #cards 12 size 40 Howl #buckets 4 coarsen threshold 1843 Howl Bitmap #cards 512 size 80 coarsen threshold 460 Card regions per heap region 1 cards per card region 2048
 CPUs: 8 total, 8 available
 Memory: 7894M
 Large Page Support: Disabled
 NUMA Support: Disabled
 Compressed Oops: Enabled (32-bit)
 Heap Region Size: 1M
 Heap Min Capacity: 8M
 Heap Initial Capacity: 124M
 Heap Max Capacity: 1974M
 Pre-touch: Disabled
 Parallel Workers: 8
 Concurrent Workers: 2
 Concurrent Refinement Workers: 8
 Periodic GC: Disabled

Heap:
 garbage-first heap   total 68608K, used 58716K [0x0000000084a00000, 0x0000000100000000)
  region size 1024K, 24 young (24576K), 3 survivors (3072K)
 Metaspace       used 74975K, committed 75776K, reserved 1114112K
  class space    used 10735K, committed 11072K, reserved 1048576K

Heap Regions: E=young(eden), S=young(survivor), O=old, HS=humongous(starts), HC=humongous(continues), CS=collection set, F=free, OA=open archive, CA=closed archive, TAMS=top-at-mark-start, PB=parsable bottom
|   0|0x0000000084a00000, 0x0000000084b00000, 0x0000000084b00000|100%|HS|  |TAMS 0x0000000084a00000| PB 0x0000000084a00000| Complete 
|   1|0x0000000084b00000, 0x0000000084c00000, 0x0000000084c00000|100%|HS|  |TAMS 0x0000000084b00000| PB 0x0000000084b00000| Complete 
|   2|0x0000000084c00000, 0x0000000084d00000, 0x0000000084d00000|100%| O|  |TAMS 0x0000000084c00000| PB 0x0000000084c00000| Untracked 
|   3|0x0000000084d00000, 0x0000000084e00000, 0x0000000084e00000|100%| O|  |TAMS 0x0000000084d00000| PB 0x0000000084d00000| Untracked 
|   4|0x0000000084e00000, 0x0000000084f00000, 0x0000000084f00000|100%| O|  |TAMS 0x0000000084e00000| PB 0x0000000084e00000| Untracked 
|   5|0x0000000084f00000, 0x0000000085000000, 0x0000000085000000|100%| O|  |TAMS 0x0000000084f00000| PB 0x0000000084f00000| Untracked 
|   6|0x0000000085000000, 0x0000000085100000, 0x0000000085100000|100%| O|  |TAMS 0x0000000085000000| PB 0x0000000085000000| Untracked 
|   7|0x0000000085100000, 0x0000000085200000, 0x0000000085200000|100%| O|  |TAMS 0x0000000085100000| PB 0x0000000085100000| Untracked 
|   8|0x0000000085200000, 0x0000000085300000, 0x0000000085300000|100%| O|  |TAMS 0x0000000085200000| PB 0x0000000085200000| Untracked 
|   9|0x0000000085300000, 0x0000000085400000, 0x0000000085400000|100%| O|  |TAMS 0x0000000085300000| PB 0x0000000085300000| Untracked 
|  10|0x0000000085400000, 0x0000000085500000, 0x0000000085500000|100%| O|  |TAMS 0x0000000085400000| PB 0x0000000085400000| Untracked 
|  11|0x0000000085500000, 0x0000000085600000, 0x0000000085600000|100%| O|  |TAMS 0x0000000085500000| PB 0x0000000085500000| Untracked 
|  12|0x0000000085600000, 0x0000000085700000, 0x0000000085700000|100%| O|  |TAMS 0x0000000085600000| PB 0x0000000085600000| Untracked 
|  13|0x0000000085700000, 0x0000000085800000, 0x0000000085800000|100%| O|  |TAMS 0x0000000085700000| PB 0x0000000085700000| Untracked 
|  14|0x0000000085800000, 0x0000000085900000, 0x0000000085900000|100%| O|  |TAMS 0x0000000085800000| PB 0x0000000085800000| Untracked 
|  15|0x0000000085900000, 0x0000000085a00000, 0x0000000085a00000|100%| O|  |TAMS 0x0000000085900000| PB 0x0000000085900000| Untracked 
|  16|0x0000000085a00000, 0x0000000085b00000, 0x0000000085b00000|100%| O|  |TAMS 0x0000000085a00000| PB 0x0000000085a00000| Untracked 
|  17|0x0000000085b00000, 0x0000000085c00000, 0x0000000085c00000|100%| O|  |TAMS 0x0000000085b00000| PB 0x0000000085b00000| Untracked 
|  18|0x0000000085c00000, 0x0000000085d00000, 0x0000000085d00000|100%| O|  |TAMS 0x0000000085c00000| PB 0x0000000085c00000| Untracked 
|  19|0x0000000085d00000, 0x0000000085e00000, 0x0000000085e00000|100%| O|  |TAMS 0x0000000085d00000| PB 0x0000000085d00000| Untracked 
|  20|0x0000000085e00000, 0x0000000085f00000, 0x0000000085f00000|100%| O|  |TAMS 0x0000000085e00000| PB 0x0000000085e00000| Untracked 
|  21|0x0000000085f00000, 0x0000000086000000, 0x0000000086000000|100%| O|  |TAMS 0x0000000085f00000| PB 0x0000000085f00000| Untracked 
|  22|0x0000000086000000, 0x0000000086100000, 0x0000000086100000|100%| O|  |TAMS 0x0000000086000000| PB 0x0000000086000000| Untracked 
|  23|0x0000000086100000, 0x0000000086200000, 0x0000000086200000|100%| O|  |TAMS 0x0000000086100000| PB 0x0000000086100000| Untracked 
|  24|0x0000000086200000, 0x0000000086300000, 0x0000000086300000|100%| O|  |TAMS 0x0000000086200000| PB 0x0000000086200000| Untracked 
|  25|0x0000000086300000, 0x0000000086400000, 0x0000000086400000|100%| O|  |TAMS 0x0000000086300000| PB 0x0000000086300000| Untracked 
|  26|0x0000000086400000, 0x0000000086500000, 0x0000000086500000|100%| O|  |TAMS 0x0000000086400000| PB 0x0000000086400000| Untracked 
|  27|0x0000000086500000, 0x0000000086600000, 0x0000000086600000|100%| O|  |TAMS 0x0000000086500000| PB 0x0000000086500000| Untracked 
|  28|0x0000000086600000, 0x0000000086700000, 0x0000000086700000|100%| O|  |TAMS 0x0000000086600000| PB 0x0000000086600000| Untracked 
|  29|0x0000000086700000, 0x0000000086800000, 0x0000000086800000|100%| O|  |TAMS 0x0000000086700000| PB 0x0000000086700000| Untracked 
|  30|0x0000000086800000, 0x0000000086900000, 0x0000000086900000|100%| O|  |TAMS 0x0000000086800000| PB 0x0000000086800000| Untracked 
|  31|0x0000000086900000, 0x0000000086a00000, 0x0000000086a00000|100%| O|  |TAMS 0x0000000086900000| PB 0x0000000086900000| Untracked 
|  32|0x0000000086a00000, 0x0000000086b00000, 0x0000000086b00000|100%| O|  |TAMS 0x0000000086a00000| PB 0x0000000086a00000| Untracked 
|  33|0x0000000086b00000, 0x0000000086b00000, 0x0000000086c00000|  0%| F|  |TAMS 0x0000000086b00000| PB 0x0000000086b00000| Untracked 
|  34|0x0000000086c00000, 0x0000000086d00000, 0x0000000086d00000|100%| O|  |TAMS 0x0000000086c00000| PB 0x0000000086c00000| Complete 
|  35|0x0000000086d00000, 0x0000000086d00000, 0x0000000086e00000|  0%| F|  |TAMS 0x0000000086d00000| PB 0x0000000086d00000| Untracked 
|  36|0x0000000086e00000, 0x0000000086f00000, 0x0000000086f00000|100%| O|  |TAMS 0x0000000086e00000| PB 0x0000000086e00000| Untracked 
|  37|0x0000000086f00000, 0x0000000086f00000, 0x0000000087000000|  0%| F|  |TAMS 0x0000000086f00000| PB 0x0000000086f00000| Untracked 
|  38|0x0000000087000000, 0x0000000087000000, 0x0000000087100000|  0%| F|  |TAMS 0x0000000087000000| PB 0x0000000087000000| Untracked 
|  39|0x0000000087100000, 0x0000000087100000, 0x0000000087200000|  0%| F|  |TAMS 0x0000000087100000| PB 0x0000000087100000| Untracked 
|  40|0x0000000087200000, 0x0000000087200000, 0x0000000087300000|  0%| F|  |TAMS 0x0000000087200000| PB 0x0000000087200000| Untracked 
|  41|0x0000000087300000, 0x00000000873572b0, 0x0000000087400000| 34%| S|CS|TAMS 0x0000000087300000| PB 0x0000000087300000| Complete 
|  42|0x0000000087400000, 0x0000000087500000, 0x0000000087500000|100%| S|CS|TAMS 0x0000000087400000| PB 0x0000000087400000| Complete 
|  43|0x0000000087500000, 0x0000000087600000, 0x0000000087600000|100%| S|CS|TAMS 0x0000000087500000| PB 0x0000000087500000| Complete 
|  44|0x0000000087600000, 0x0000000087600000, 0x0000000087700000|  0%| F|  |TAMS 0x0000000087600000| PB 0x0000000087600000| Untracked 
|  45|0x0000000087700000, 0x0000000087700000, 0x0000000087800000|  0%| F|  |TAMS 0x0000000087700000| PB 0x0000000087700000| Untracked 
|  46|0x0000000087800000, 0x0000000087827010, 0x0000000087900000| 15%| E|  |TAMS 0x0000000087800000| PB 0x0000000087800000| Complete 
|  47|0x0000000087900000, 0x0000000087a00000, 0x0000000087a00000|100%| E|CS|TAMS 0x0000000087900000| PB 0x0000000087900000| Complete 
|  48|0x0000000087a00000, 0x0000000087b00000, 0x0000000087b00000|100%| E|CS|TAMS 0x0000000087a00000| PB 0x0000000087a00000| Complete 
|  49|0x0000000087b00000, 0x0000000087c00000, 0x0000000087c00000|100%| E|CS|TAMS 0x0000000087b00000| PB 0x0000000087b00000| Complete 
|  50|0x0000000087c00000, 0x0000000087d00000, 0x0000000087d00000|100%| E|CS|TAMS 0x0000000087c00000| PB 0x0000000087c00000| Complete 
|  51|0x0000000087d00000, 0x0000000087e00000, 0x0000000087e00000|100%| E|CS|TAMS 0x0000000087d00000| PB 0x0000000087d00000| Complete 
|  52|0x0000000087e00000, 0x0000000087f00000, 0x0000000087f00000|100%| E|CS|TAMS 0x0000000087e00000| PB 0x0000000087e00000| Complete 
|  53|0x0000000087f00000, 0x0000000088000000, 0x0000000088000000|100%| E|CS|TAMS 0x0000000087f00000| PB 0x0000000087f00000| Complete 
|  54|0x0000000088000000, 0x0000000088100000, 0x0000000088100000|100%| E|CS|TAMS 0x0000000088000000| PB 0x0000000088000000| Complete 
|  55|0x0000000088100000, 0x0000000088200000, 0x0000000088200000|100%| E|CS|TAMS 0x0000000088100000| PB 0x0000000088100000| Complete 
|  56|0x0000000088200000, 0x0000000088300000, 0x0000000088300000|100%| E|CS|TAMS 0x0000000088200000| PB 0x0000000088200000| Complete 
|  57|0x0000000088300000, 0x0000000088400000, 0x0000000088400000|100%| E|CS|TAMS 0x0000000088300000| PB 0x0000000088300000| Complete 
|  58|0x0000000088400000, 0x0000000088500000, 0x0000000088500000|100%| E|CS|TAMS 0x0000000088400000| PB 0x0000000088400000| Complete 
|  59|0x0000000088500000, 0x0000000088600000, 0x0000000088600000|100%| E|CS|TAMS 0x0000000088500000| PB 0x0000000088500000| Complete 
|  60|0x0000000088600000, 0x0000000088700000, 0x0000000088700000|100%| E|CS|TAMS 0x0000000088600000| PB 0x0000000088600000| Complete 
|  82|0x0000000089c00000, 0x0000000089d00000, 0x0000000089d00000|100%| E|CS|TAMS 0x0000000089c00000| PB 0x0000000089c00000| Complete 
|  83|0x0000000089d00000, 0x0000000089e00000, 0x0000000089e00000|100%| E|CS|TAMS 0x0000000089d00000| PB 0x0000000089d00000| Complete 
|  84|0x0000000089e00000, 0x0000000089f00000, 0x0000000089f00000|100%| E|CS|TAMS 0x0000000089e00000| PB 0x0000000089e00000| Complete 
|  85|0x0000000089f00000, 0x000000008a000000, 0x000000008a000000|100%| E|CS|TAMS 0x0000000089f00000| PB 0x0000000089f00000| Complete 
|  86|0x000000008a000000, 0x000000008a100000, 0x000000008a100000|100%| E|CS|TAMS 0x000000008a000000| PB 0x000000008a000000| Complete 
| 123|0x000000008c500000, 0x000000008c600000, 0x000000008c600000|100%| E|CS|TAMS 0x000000008c500000| PB 0x000000008c500000| Complete 

Card table byte_map: [0x000001ea1ee00000,0x000001ea1f1e0000] _byte_map_base: 0x000001ea1e9db000

Marking Bits: (CMBitMap*) 0x000001ea1305dfb0
 Bits: [0x000001ea1f5c0000, 0x000001ea21498000)

Polling page: 0x000001ea130b0000

Metaspace:

Usage:
  Non-class:     62.73 MB used.
      Class:     10.48 MB used.
       Both:     73.22 MB used.

Virtual space:
  Non-class space:       64.00 MB reserved,      63.19 MB ( 99%) committed,  1 nodes.
      Class space:        1.00 GB reserved,      10.81 MB (  1%) committed,  1 nodes.
             Both:        1.06 GB reserved,      74.00 MB (  7%) committed. 

Chunk freelists:
   Non-Class:  304.00 KB
       Class:  1.08 MB
        Both:  1.38 MB

MaxMetaspaceSize: unlimited
CompressedClassSpaceSize: 1.00 GB
Initial GC threshold: 21.00 MB
Current GC threshold: 115.25 MB
CDS: on
MetaspaceReclaimPolicy: balanced
 - commit_granule_bytes: 65536.
 - commit_granule_words: 8192.
 - virtual_space_node_default_size: 8388608.
 - enlarge_chunks_in_place: 1.
 - new_chunks_are_fully_committed: 0.
 - uncommit_free_chunks: 1.
 - use_allocation_guard: 0.


Internal statistics:

num_allocs_failed_limit: 3.
num_arena_births: 1180.
num_arena_deaths: 0.
num_vsnodes_births: 2.
num_vsnodes_deaths: 0.
num_space_committed: 1184.
num_space_uncommitted: 0.
num_chunks_returned_to_freelist: 3.
num_chunks_taken_from_freelist: 3915.
num_chunk_merges: 3.
num_chunk_splits: 2859.
num_chunks_enlarged: 2228.
num_inconsistent_stats: 0.

CodeCache: size=49152Kb used=13756Kb max_used=13756Kb free=35395Kb
 bounds [0x000001ea1b140000, 0x000001ea1beb0000, 0x000001ea1e140000]
 total_blobs=7963 nmethods=7204 adapters=681
 compilation: enabled
              stopped_count=0, restarted_count=0
 full_count=0

Compilation events (20 events):
Event: 21.810 Thread 0x000001ea23f662d0 7295       1       java.io.File::length (33 bytes)
Event: 21.810 Thread 0x000001ea6c00f6f0 7296   !   1       java.io.WinNTFileSystem::getLength (27 bytes)
Event: 21.823 Thread 0x000001ea6c00e640 7298       1       java.io.File::<init> (78 bytes)
Event: 22.296 Thread 0x000001ea6c00f6f0 nmethod 7296 0x000001ea1bea9690 code [0x000001ea1bea9840, 0x000001ea1bea99a8]
Event: 22.296 Thread 0x000001ea6c00e640 nmethod 7298 0x000001ea1bea9b10 code [0x000001ea1bea9ca0, 0x000001ea1bea9e28]
Event: 22.296 Thread 0x000001ea23f662d0 nmethod 7295 0x000001ea1bea9f10 code [0x000001ea1beaa0c0, 0x000001ea1beaa280]
Event: 22.296 Thread 0x000001ea6c00f6f0 7299       1       org.springframework.boot.devtools.filewatch.FileSnapshot::equals (110 bytes)
Event: 22.296 Thread 0x000001ea6c00f6f0 nmethod 7299 0x000001ea1beaa410 code [0x000001ea1beaa5c0, 0x000001ea1beaa928]
Event: 22.296 Thread 0x000001ea6c00f6f0 7300       1       java.io.ObjectStreamClass::computeFieldOffsets (308 bytes)
Event: 22.297 Thread 0x000001ea6c00e640 7301       1       java.io.ObjectStreamClass$FieldReflectorKey::equals (37 bytes)
Event: 22.297 Thread 0x000001ea6c00e640 nmethod 7301 0x000001ea1beaaa90 code [0x000001ea1beaac20, 0x000001ea1beaadc0]
Event: 22.297 Thread 0x000001ea6c00f6f0 nmethod 7300 0x000001ea1beaae90 code [0x000001ea1beab060, 0x000001ea1beab588]
Event: 22.878 Thread 0x000001ea23f662d0 7302       1       java.io.File::lastModified (33 bytes)
Event: 22.878 Thread 0x000001ea6c00f6f0 7303   !   1       java.io.WinNTFileSystem::getLastModifiedTime (27 bytes)
Event: 22.878 Thread 0x000001ea6c00e640 7305       1       org.springframework.boot.devtools.filewatch.FileSnapshot::<init> (64 bytes)
Event: 22.878 Thread 0x000001ea6c00f6f0 nmethod 7303 0x000001ea1bead290 code [0x000001ea1bead440, 0x000001ea1bead5a8]
Event: 22.878 Thread 0x000001ea23f662d0 nmethod 7302 0x000001ea1bead710 code [0x000001ea1bead8c0, 0x000001ea1beada80]
Event: 22.879 Thread 0x000001ea6c00e640 nmethod 7305 0x000001ea1beadc10 code [0x000001ea1beadea0, 0x000001ea1beae588]
Event: 22.891 Thread 0x000001ea23f662d0 7306       1       java.io.File::getName (42 bytes)
Event: 22.892 Thread 0x000001ea23f662d0 nmethod 7306 0x000001ea1beaeb90 code [0x000001ea1beaed40, 0x000001ea1beaef48]

GC Heap History (20 events):
Event: 9.024 GC heap before
{Heap before GC invocations=11 (full 0):
 garbage-first heap   total 55296K, used 46441K [0x0000000084a00000, 0x0000000100000000)
  region size 1024K, 25 young (25600K), 2 survivors (2048K)
 Metaspace       used 45669K, committed 46336K, reserved 1114112K
  class space    used 6222K, committed 6528K, reserved 1048576K
}
Event: 9.029 GC heap after
{Heap after GC invocations=12 (full 0):
 garbage-first heap   total 55296K, used 26010K [0x0000000084a00000, 0x0000000100000000)
  region size 1024K, 4 young (4096K), 4 survivors (4096K)
 Metaspace       used 45669K, committed 46336K, reserved 1114112K
  class space    used 6222K, committed 6528K, reserved 1048576K
}
Event: 9.681 GC heap before
{Heap before GC invocations=12 (full 0):
 garbage-first heap   total 55296K, used 45466K [0x0000000084a00000, 0x0000000100000000)
  region size 1024K, 24 young (24576K), 4 survivors (4096K)
 Metaspace       used 51092K, committed 51712K, reserved 1114112K
  class space    used 6971K, committed 7232K, reserved 1048576K
}
Event: 9.686 GC heap after
{Heap after GC invocations=13 (full 0):
 garbage-first heap   total 55296K, used 27594K [0x0000000084a00000, 0x0000000100000000)
  region size 1024K, 2 young (2048K), 2 survivors (2048K)
 Metaspace       used 51092K, committed 51712K, reserved 1114112K
  class space    used 6971K, committed 7232K, reserved 1048576K
}
Event: 10.305 GC heap before
{Heap before GC invocations=13 (full 0):
 garbage-first heap   total 55296K, used 48074K [0x0000000084a00000, 0x0000000100000000)
  region size 1024K, 22 young (22528K), 2 survivors (2048K)
 Metaspace       used 54452K, committed 55168K, reserved 1114112K
  class space    used 7555K, committed 7872K, reserved 1048576K
}
Event: 10.308 GC heap after
{Heap after GC invocations=14 (full 0):
 garbage-first heap   total 55296K, used 27962K [0x0000000084a00000, 0x0000000100000000)
  region size 1024K, 2 young (2048K), 2 survivors (2048K)
 Metaspace       used 54452K, committed 55168K, reserved 1114112K
  class space    used 7555K, committed 7872K, reserved 1048576K
}
Event: 11.811 GC heap before
{Heap before GC invocations=15 (full 0):
 garbage-first heap   total 55296K, used 47418K [0x0000000084a00000, 0x0000000100000000)
  region size 1024K, 22 young (22528K), 2 survivors (2048K)
 Metaspace       used 58402K, committed 59072K, reserved 1114112K
  class space    used 8182K, committed 8448K, reserved 1048576K
}
Event: 11.818 GC heap after
{Heap after GC invocations=16 (full 0):
 garbage-first heap   total 55296K, used 29304K [0x0000000084a00000, 0x0000000100000000)
  region size 1024K, 3 young (3072K), 3 survivors (3072K)
 Metaspace       used 58402K, committed 59072K, reserved 1114112K
  class space    used 8182K, committed 8448K, reserved 1048576K
}
Event: 12.372 GC heap before
{Heap before GC invocations=16 (full 0):
 garbage-first heap   total 55296K, used 45688K [0x0000000084a00000, 0x0000000100000000)
  region size 1024K, 20 young (20480K), 3 survivors (3072K)
 Metaspace       used 61393K, committed 62208K, reserved 1114112K
  class space    used 8572K, committed 8960K, reserved 1048576K
}
Event: 12.377 GC heap after
{Heap after GC invocations=17 (full 0):
 garbage-first heap   total 55296K, used 30655K [0x0000000084a00000, 0x0000000100000000)
  region size 1024K, 3 young (3072K), 3 survivors (3072K)
 Metaspace       used 61393K, committed 62208K, reserved 1114112K
  class space    used 8572K, committed 8960K, reserved 1048576K
}
Event: 12.777 GC heap before
{Heap before GC invocations=17 (full 0):
 garbage-first heap   total 55296K, used 47039K [0x0000000084a00000, 0x0000000100000000)
  region size 1024K, 20 young (20480K), 3 survivors (3072K)
 Metaspace       used 64427K, committed 65280K, reserved 1114112K
  class space    used 9224K, committed 9600K, reserved 1048576K
}
Event: 12.781 GC heap after
{Heap after GC invocations=18 (full 0):
 garbage-first heap   total 55296K, used 33334K [0x0000000084a00000, 0x0000000100000000)
  region size 1024K, 3 young (3072K), 3 survivors (3072K)
 Metaspace       used 64427K, committed 65280K, reserved 1114112K
  class space    used 9224K, committed 9600K, reserved 1048576K
}
Event: 13.856 GC heap before
{Heap before GC invocations=19 (full 0):
 garbage-first heap   total 68608K, used 47670K [0x0000000084a00000, 0x0000000100000000)
  region size 1024K, 17 young (17408K), 3 survivors (3072K)
 Metaspace       used 64429K, committed 65280K, reserved 1114112K
  class space    used 9224K, committed 9600K, reserved 1048576K
}
Event: 13.858 GC heap after
{Heap after GC invocations=20 (full 0):
 garbage-first heap   total 68608K, used 33106K [0x0000000084a00000, 0x0000000100000000)
  region size 1024K, 1 young (1024K), 1 survivors (1024K)
 Metaspace       used 64429K, committed 65280K, reserved 1114112K
  class space    used 9224K, committed 9600K, reserved 1048576K
}
Event: 14.201 GC heap before
{Heap before GC invocations=20 (full 0):
 garbage-first heap   total 68608K, used 60754K [0x0000000084a00000, 0x0000000100000000)
  region size 1024K, 29 young (29696K), 1 survivors (1024K)
 Metaspace       used 66568K, committed 67328K, reserved 1114112K
  class space    used 9526K, committed 9856K, reserved 1048576K
}
Event: 14.203 GC heap after
{Heap after GC invocations=21 (full 0):
 garbage-first heap   total 68608K, used 34523K [0x0000000084a00000, 0x0000000100000000)
  region size 1024K, 2 young (2048K), 2 survivors (2048K)
 Metaspace       used 66568K, committed 67328K, reserved 1114112K
  class space    used 9526K, committed 9856K, reserved 1048576K
}
Event: 14.906 GC heap before
{Heap before GC invocations=21 (full 0):
 garbage-first heap   total 68608K, used 62171K [0x0000000084a00000, 0x0000000100000000)
  region size 1024K, 29 young (29696K), 2 survivors (2048K)
 Metaspace       used 69844K, committed 70592K, reserved 1114112K
  class space    used 9970K, committed 10304K, reserved 1048576K
}
Event: 14.909 GC heap after
{Heap after GC invocations=22 (full 0):
 garbage-first heap   total 68608K, used 36168K [0x0000000084a00000, 0x0000000100000000)
  region size 1024K, 4 young (4096K), 4 survivors (4096K)
 Metaspace       used 69844K, committed 70592K, reserved 1114112K
  class space    used 9970K, committed 10304K, reserved 1048576K
}
Event: 18.696 GC heap before
{Heap before GC invocations=23 (full 0):
 garbage-first heap   total 68608K, used 58696K [0x0000000084a00000, 0x0000000100000000)
  region size 1024K, 27 young (27648K), 4 survivors (4096K)
 Metaspace       used 72490K, committed 73280K, reserved 1114112K
  class space    used 10400K, committed 10752K, reserved 1048576K
}
Event: 18.700 GC heap after
{Heap after GC invocations=24 (full 0):
 garbage-first heap   total 68608K, used 38236K [0x0000000084a00000, 0x0000000100000000)
  region size 1024K, 3 young (3072K), 3 survivors (3072K)
 Metaspace       used 72490K, committed 73280K, reserved 1114112K
  class space    used 10400K, committed 10752K, reserved 1048576K
}

Dll operation events (14 events):
Event: 0.027 Loaded shared library C:\Program Files\Java\jdk-20\bin\java.dll
Event: 0.066 Loaded shared library C:\Program Files\Java\jdk-20\bin\jsvml.dll
Event: 0.301 Loaded shared library C:\Program Files\Java\jdk-20\bin\zip.dll
Event: 0.311 Loaded shared library C:\Program Files\Java\jdk-20\bin\instrument.dll
Event: 0.324 Loaded shared library C:\Program Files\Java\jdk-20\bin\net.dll
Event: 0.326 Loaded shared library C:\Program Files\Java\jdk-20\bin\nio.dll
Event: 0.334 Loaded shared library C:\Program Files\Java\jdk-20\bin\zip.dll
Event: 0.566 Loaded shared library C:\Program Files\JetBrains\IntelliJ IDEA 2023.3.4\bin\breakgen64.dll
Event: 0.586 Loaded shared library C:\Program Files\Java\jdk-20\bin\jimage.dll
Event: 0.588 Loaded shared library C:\Program Files\Java\jdk-20\bin\extnet.dll
Event: 0.635 Loaded shared library C:\Program Files\Java\jdk-20\bin\management.dll
Event: 0.666 Loaded shared library C:\Program Files\Java\jdk-20\bin\management_ext.dll
Event: 3.518 Loaded shared library C:\Program Files\Java\jdk-20\bin\sunmscapi.dll
Event: 7.884 Loaded shared library C:\Program Files\Java\jdk-20\bin\verify.dll

Deoptimization events (18 events):
Event: 0.896 Thread 0x000001ea13003df0 DEOPT PACKING pc=0x000001ea1b4b575d sp=0x000000bbc56fd090
Event: 0.896 Thread 0x000001ea13003df0 DEOPT UNPACKING pc=0x000001ea1b1ae462 sp=0x000000bbc56fc540 mode 3
Event: 0.915 Thread 0x000001ea13003df0 DEOPT PACKING pc=0x000001ea1b55cce0 sp=0x000000bbc56fd060
Event: 0.915 Thread 0x000001ea13003df0 DEOPT UNPACKING pc=0x000001ea1b1ae462 sp=0x000000bbc56fc518 mode 3
Event: 3.184 Thread 0x000001ea69cd5480 DEOPT PACKING pc=0x000001ea1b7c86f9 sp=0x000000bbc76fcf30
Event: 3.184 Thread 0x000001ea69cd5480 DEOPT UNPACKING pc=0x000001ea1b1ae462 sp=0x000000bbc76fc410 mode 3
Event: 5.998 Thread 0x000001ea69cd5480 DEOPT PACKING pc=0x000001ea1ba60a79 sp=0x000000bbc76fd880
Event: 5.998 Thread 0x000001ea69cd5480 DEOPT UNPACKING pc=0x000001ea1b1ae462 sp=0x000000bbc76fcd60 mode 3
Event: 6.256 Thread 0x000001ea69cd5480 DEOPT PACKING pc=0x000001ea1b999874 sp=0x000000bbc76fbb70
Event: 6.256 Thread 0x000001ea69cd5480 DEOPT UNPACKING pc=0x000001ea1b1ae462 sp=0x000000bbc76fb028 mode 0
Event: 7.069 Thread 0x000001ea69cd5480 DEOPT PACKING pc=0x000001ea1baf05ed sp=0x000000bbc76fc2c0
Event: 7.069 Thread 0x000001ea69cd5480 DEOPT UNPACKING pc=0x000001ea1b1ae462 sp=0x000000bbc76fb828 mode 3
Event: 14.854 Thread 0x000001ea69bde310 DEOPT PACKING pc=0x000001ea1bbda99c sp=0x000000bbc6cfee50
Event: 14.854 Thread 0x000001ea69bde310 DEOPT UNPACKING pc=0x000001ea1b1ae462 sp=0x000000bbc6cfe2e8 mode 0
Event: 22.800 Thread 0x000001ea69bde310 DEOPT PACKING pc=0x000001ea1bbdb65c sp=0x000000bbc6cfece0
Event: 22.800 Thread 0x000001ea69bde310 DEOPT UNPACKING pc=0x000001ea1b1ae462 sp=0x000000bbc6cfe208 mode 0
Event: 22.800 Thread 0x000001ea69bde310 DEOPT PACKING pc=0x000001ea1b5fa59c sp=0x000000bbc6cff020
Event: 22.800 Thread 0x000001ea69bde310 DEOPT UNPACKING pc=0x000001ea1b1ae462 sp=0x000000bbc6cfe558 mode 0

Classes loaded (20 events):
Event: 20.254 Loading class sun/nio/ch/Interruptible done
Event: 20.254 Loading class java/nio/channels/spi/AbstractInterruptibleChannel$1 done
Event: 20.255 Loading class java/nio/BufferMismatch
Event: 20.255 Loading class java/nio/BufferMismatch done
Event: 20.255 Loading class sun/nio/ch/SourceChannelImpl
Event: 20.255 Loading class java/nio/channels/Pipe$SourceChannel
Event: 20.255 Loading class java/nio/channels/Pipe$SourceChannel done
Event: 20.255 Loading class sun/nio/ch/SourceChannelImpl done
Event: 20.255 Loading class sun/nio/ch/SinkChannelImpl
Event: 20.255 Loading class java/nio/channels/Pipe$SinkChannel
Event: 20.255 Loading class java/nio/channels/Pipe$SinkChannel done
Event: 20.255 Loading class sun/nio/ch/SinkChannelImpl done
Event: 20.256 Loading class java/nio/channels/spi/AbstractSelector$1
Event: 20.257 Loading class java/nio/channels/spi/AbstractSelector$1 done
Event: 20.260 Loading class java/util/TreeMap$ValueSpliterator
Event: 20.261 Loading class java/util/TreeMap$TreeMapSpliterator
Event: 20.261 Loading class java/util/TreeMap$TreeMapSpliterator done
Event: 20.261 Loading class java/util/TreeMap$ValueSpliterator done
Event: 22.308 Loading class java/util/concurrent/locks/ReentrantLock$FairSync
Event: 22.309 Loading class java/util/concurrent/locks/ReentrantLock$FairSync done

Classes unloaded (0 events):
No events

Classes redefined (0 events):
No events

Internal exceptions (20 events):
Event: 10.620 Thread 0x000001ea69cd5480 Exception <a 'java/lang/IncompatibleClassChangeError'{0x0000000087796bf8}: Found class java.lang.Object, but interface was expected> (0x0000000087796bf8) 
thrown [s\open\src\hotspot\share\interpreter\linkResolver.cpp, line 840]
Event: 10.640 Thread 0x000001ea69cd5480 Exception <a 'java/lang/NoSuchMethodError'{0x0000000087637850}: 'java.lang.Object java.lang.invoke.DirectMethodHandle$Holder.newInvokeSpecial(java.lang.Object, java.lang.Object, int, java.lang.Object, int, java.lang.Object, java.lang.Object)'> (0x0000000087637850) 
thrown [s\open\src\hotspot\share\interpreter\linkResolver.cpp, line 773]
Event: 10.662 Thread 0x000001ea69cd5480 Exception <a 'java/lang/NoSuchMethodError'{0x00000000876b3e18}: 'java.lang.Object java.lang.invoke.DirectMethodHandle$Holder.newInvokeSpecial(java.lang.Object, java.lang.Object, java.lang.Object, java.lang.Object, java.lang.Object, java.lang.Object, java.lang.Object, int)'> (0x00000000876b3e18) 
thrown [s\open\src\hotspot\share\interpreter\linkResolver.cpp, line 773]
Event: 10.662 Thread 0x000001ea69cd5480 Exception <a 'java/lang/NoSuchMethodError'{0x00000000876b8378}: 'java.lang.Object java.lang.invoke.DirectMethodHandle$Holder.invokeSpecial(java.lang.Object, java.lang.Object, java.lang.Object, java.lang.Object, java.lang.Object, java.lang.Object, java.lang.Object, java.lang.Object, int)'> (0x00000000876b8378) 
thrown [s\open\src\hotspot\share\interpreter\linkResolver.cpp, line 773]
Event: 10.662 Thread 0x000001ea69cd5480 Exception <a 'java/lang/NoSuchMethodError'{0x00000000876bc390}: 'java.lang.Object java.lang.invoke.Invokers$Holder.linkToTargetMethod(java.lang.Object, java.lang.Object, java.lang.Object, java.lang.Object, java.lang.Object, java.lang.Object, int, java.lang.Object)'> (0x00000000876bc390) 
thrown [s\open\src\hotspot\share\interpreter\linkResolver.cpp, line 773]
Event: 11.729 Thread 0x000001ea69cd5480 Exception <a 'java/lang/NoSuchMethodError'{0x0000000086e84c40}: 'void java.lang.invoke.Invokers$Holder.invokeExact_MT(java.lang.Object, java.lang.Object, java.lang.Object, java.lang.Object)'> (0x0000000086e84c40) 
thrown [s\open\src\hotspot\share\interpreter\linkResolver.cpp, line 773]
Event: 11.866 Thread 0x000001ea69cd5480 Exception <a 'java/lang/IncompatibleClassChangeError'{0x0000000089fd9a00}: Found class java.lang.Object, but interface was expected> (0x0000000089fd9a00) 
thrown [s\open\src\hotspot\share\interpreter\linkResolver.cpp, line 840]
Event: 11.927 Thread 0x000001ea69cd5480 Exception <a 'java/lang/IncompatibleClassChangeError'{0x0000000089d64568}: Found class java.lang.Object, but interface was expected> (0x0000000089d64568) 
thrown [s\open\src\hotspot\share\interpreter\linkResolver.cpp, line 840]
Event: 12.231 Thread 0x000001ea69cd5480 Exception <a 'java/lang/IncompatibleClassChangeError'{0x00000000873b1cf0}: Found class java.lang.Object, but interface was expected> (0x00000000873b1cf0) 
thrown [s\open\src\hotspot\share\interpreter\linkResolver.cpp, line 840]
Event: 14.078 Thread 0x000001ea69cd5480 Exception <a 'java/lang/IncompatibleClassChangeError'{0x0000000087c0d888}: Found class java.lang.Object, but interface was expected> (0x0000000087c0d888) 
thrown [s\open\src\hotspot\share\interpreter\linkResolver.cpp, line 840]
Event: 14.097 Thread 0x000001ea69cd5480 Exception <a 'java/lang/NoSuchMethodError'{0x0000000087ca9a18}: 'java.lang.Object java.lang.invoke.DirectMethodHandle$Holder.invokeStatic(java.lang.Object, int, java.lang.Object)'> (0x0000000087ca9a18) 
thrown [s\open\src\hotspot\share\interpreter\linkResolver.cpp, line 773]
Event: 14.927 Thread 0x000001ea69cd5480 Exception <a 'java/lang/NoSuchMethodError'{0x000000008c576d90}: 'java.lang.Object java.lang.invoke.DirectMethodHandle$Holder.invokeVirtual(java.lang.Object, java.lang.Object, java.lang.Object, java.lang.Object, java.lang.Object, java.lang.Object, java.lang.Object)'> (0x000000008c576d90) 
thrown [s\open\src\hotspot\share\interpreter\linkResolver.cpp, line 773]
Event: 14.931 Thread 0x000001ea69cd5480 Exception <a 'java/lang/NoSuchMethodError'{0x000000008c597d20}: 'java.lang.Object java.lang.invoke.DirectMethodHandle$Holder.invokeVirtual(java.lang.Object, java.lang.Object, java.lang.Object, java.lang.Object, java.lang.Object, java.lang.Object, java.lang.Object, java.lang.Object)'> (0x000000008c597d20) 
thrown [s\open\src\hotspot\share\interpreter\linkResolver.cpp, line 773]
Event: 14.987 Thread 0x000001ea69cd5480 Exception <a 'java/lang/NoSuchMethodError'{0x0000000089f59f10}: 'java.lang.Object java.lang.invoke.DirectMethodHandle$Holder.newInvokeSpecial(java.lang.Object, java.lang.Object, java.lang.Object, java.lang.Object, java.lang.Object, java.lang.Object, java.lang.Object, java.lang.Object)'> (0x0000000089f59f10) 
thrown [s\open\src\hotspot\share\interpreter\linkResolver.cpp, line 773]
Event: 18.518 Thread 0x000001ea69cd5480 Exception <a 'java/lang/IncompatibleClassChangeError'{0x0000000087b401d0}: Found class java.lang.Object, but interface was expected> (0x0000000087b401d0) 
thrown [s\open\src\hotspot\share\interpreter\linkResolver.cpp, line 840]
Event: 18.740 Thread 0x000001ea69cd5480 Exception <a 'java/lang/NoSuchMethodError'{0x000000008a027f28}: 'int java.lang.invoke.DirectMethodHandle$Holder.invokeStaticInit(java.lang.Object, java.lang.Object, java.lang.Object, java.lang.Object)'> (0x000000008a027f28) 
thrown [s\open\src\hotspot\share\interpreter\linkResolver.cpp, line 773]
Event: 18.775 Thread 0x000001ea69cd5480 Exception <a 'java/lang/NoSuchMethodError'{0x0000000089f65520}: 'java.lang.Object java.lang.invoke.Invokers$Holder.invoke_MT(java.lang.Object, java.lang.Object, java.lang.Object, java.lang.Object, java.lang.Object, java.lang.Object, java.lang.Object, java.lang.Object, java.lang.Object)'> (0x0000000089f65520) 
thrown [s\open\src\hotspot\share\interpreter\linkResolver.cpp, line 773]
Event: 18.846 Thread 0x000001ea69cd5480 Exception <a 'java/lang/IncompatibleClassChangeError'{0x0000000089c36520}: Found class java.lang.Object, but interface was expected> (0x0000000089c36520) 
thrown [s\open\src\hotspot\share\interpreter\linkResolver.cpp, line 840]
Event: 20.009 Thread 0x000001ea69cd5480 Exception <a 'java/lang/NoSuchMethodError'{0x0000000088126c80}: 'java.lang.Object java.lang.invoke.Invokers$Holder.invoke_MT(java.lang.Object, java.lang.Object, java.lang.Object, java.lang.Object, java.lang.Object, java.lang.Object, java.lang.Object, java.lang.Object, java.lang.Object, java.lang.Object, java.lang.Object)'> (0x0000000088126c80) 
thrown [s\open\src\hotspot\share\interpreter\linkResolver.cpp, line 773]
Event: 20.228 Thread 0x000001ea69cd5480 Exception <a 'java/lang/NoSuchMethodError'{0x0000000087b0a5a8}: 'java.lang.Object java.lang.invoke.DirectMethodHandle$Holder.newInvokeSpecial(java.lang.Object, java.lang.Object, int, java.lang.Object, java.lang.Object)'> (0x0000000087b0a5a8) 
thrown [s\open\src\hotspot\share\interpreter\linkResolver.cpp, line 773]

VM Operations (20 events):
Event: 16.185 Executing VM operation: Cleanup done
Event: 17.197 Executing VM operation: Cleanup
Event: 17.292 Executing VM operation: Cleanup done
Event: 18.300 Executing VM operation: Cleanup
Event: 18.454 Executing VM operation: Cleanup done
Event: 18.696 Executing VM operation: HandshakeAllThreads
Event: 18.696 Executing VM operation: HandshakeAllThreads done
Event: 18.696 Executing VM operation: G1CollectForAllocation
Event: 18.700 Executing VM operation: G1CollectForAllocation done
Event: 19.714 Executing VM operation: Cleanup
Event: 19.934 Executing VM operation: Cleanup done
Event: 20.226 Executing VM operation: HandshakeAllThreads
Event: 20.226 Executing VM operation: HandshakeAllThreads done
Event: 21.241 Executing VM operation: Cleanup
Event: 21.288 Executing VM operation: Cleanup done
Event: 22.309 Executing VM operation: HandshakeAllThreads
Event: 22.309 Executing VM operation: HandshakeAllThreads done
Event: 22.309 Executing VM operation: Cleanup
Event: 22.309 Executing VM operation: Cleanup done
Event: 23.325 Executing VM operation: Cleanup

Events (20 events):
Event: 20.204 Thread 0x000001ea6b5d0040 Thread added: 0x000001ea6b5d0040
Event: 20.238 Thread 0x000001ea6b5ce5b0 Thread added: 0x000001ea6b5ce5b0
Event: 20.238 Thread 0x000001ea6b5cd070 Thread added: 0x000001ea6b5cd070
Event: 20.238 Thread 0x000001ea6b5d0ae0 Thread added: 0x000001ea6b5d0ae0
Event: 20.238 Thread 0x000001ea6b5ceb00 Thread added: 0x000001ea6b5ceb00
Event: 20.238 Thread 0x000001ea6b5cfaf0 Thread added: 0x000001ea6b5cfaf0
Event: 20.238 Thread 0x000001ea6b5cd5c0 Thread added: 0x000001ea6b5cd5c0
Event: 20.238 Thread 0x000001ea6b5ce060 Thread added: 0x000001ea6b5ce060
Event: 20.238 Thread 0x000001ea6b5cf050 Thread added: 0x000001ea6b5cf050
Event: 20.238 Thread 0x000001ea6b5cf5a0 Thread added: 0x000001ea6b5cf5a0
Event: 20.238 Thread 0x000001ea6b5d1030 Thread added: 0x000001ea6b5d1030
Event: 20.256 Thread 0x000001ea6b5cdb10 Thread added: 0x000001ea6b5cdb10
Event: 20.259 Thread 0x000001ea6b5d2ac0 Thread added: 0x000001ea6b5d2ac0
Event: 20.438 Thread 0x000001ea6b5d3560 Thread added: 0x000001ea6b5d3560
Event: 20.441 Thread 0x000001ea6b5d3560 Thread exited: 0x000001ea6b5d3560
Event: 20.944 Thread 0x000001ea6b5d1ad0 Thread added: 0x000001ea6b5d1ad0
Event: 20.947 Thread 0x000001ea6b5d1ad0 Thread exited: 0x000001ea6b5d1ad0
Event: 22.295 Thread 0x000001ea6b5d2020 Thread added: 0x000001ea6b5d2020
Event: 22.298 Thread 0x000001ea6b5d2020 Thread exited: 0x000001ea6b5d2020
Event: 23.808 Thread 0x000001ea6b5d3010 Thread added: 0x000001ea6b5d3010


Dynamic libraries:
0x00007ff62c7a0000 - 0x00007ff62c7b0000 	C:\Program Files\Java\jdk-20\bin\java.exe
0x00007ff944920000 - 0x00007ff944b83000 	C:\WINDOWS\SYSTEM32\ntdll.dll
0x00007ff942880000 - 0x00007ff942947000 	C:\WINDOWS\System32\KERNEL32.DLL
0x00007ff942160000 - 0x00007ff942526000 	C:\WINDOWS\System32\KERNELBASE.dll
0x00007ff941f70000 - 0x00007ff9420bc000 	C:\WINDOWS\System32\ucrtbase.dll
0x00007ff903670000 - 0x00007ff903689000 	C:\Program Files\Java\jdk-20\bin\jli.dll
0x00007ff902bd0000 - 0x00007ff902beb000 	C:\Program Files\Java\jdk-20\bin\VCRUNTIME140.dll
0x00007ff9446d0000 - 0x00007ff944783000 	C:\WINDOWS\System32\ADVAPI32.dll
0x00007ff943970000 - 0x00007ff943a19000 	C:\WINDOWS\System32\msvcrt.dll
0x00007ff9437e0000 - 0x00007ff943886000 	C:\WINDOWS\System32\sechost.dll
0x00007ff942760000 - 0x00007ff942876000 	C:\WINDOWS\System32\RPCRT4.dll
0x00007ff9431a0000 - 0x00007ff943369000 	C:\WINDOWS\System32\USER32.dll
0x00007ff941e80000 - 0x00007ff941ea7000 	C:\WINDOWS\System32\win32u.dll
0x00007ff928cd0000 - 0x00007ff928f60000 	C:\WINDOWS\WinSxS\amd64_microsoft.windows.common-controls_6595b64144ccf1df_6.0.26100.2702_none_3e069454e335fc5e\COMCTL32.dll
0x00007ff9429b0000 - 0x00007ff9429da000 	C:\WINDOWS\System32\GDI32.dll
0x00007ff941cc0000 - 0x00007ff941deb000 	C:\WINDOWS\System32\gdi32full.dll
0x00007ff942530000 - 0x00007ff9425d3000 	C:\WINDOWS\System32\msvcp_win.dll
0x00007ff9367d0000 - 0x00007ff9367db000 	C:\WINDOWS\SYSTEM32\VERSION.dll
0x00007ff943160000 - 0x00007ff94318f000 	C:\WINDOWS\System32\IMM32.DLL
0x00007ff90bfc0000 - 0x00007ff90bfcc000 	C:\Program Files\Java\jdk-20\bin\vcruntime140_1.dll
0x00007ff8a38e0000 - 0x00007ff8a396e000 	C:\Program Files\Java\jdk-20\bin\msvcp140.dll
0x00007ff890080000 - 0x00007ff890d18000 	C:\Program Files\Java\jdk-20\bin\server\jvm.dll
0x00007ff91a880000 - 0x00007ff91a88a000 	C:\WINDOWS\SYSTEM32\WSOCK32.dll
0x00007ff92cde0000 - 0x00007ff92ce16000 	C:\WINDOWS\SYSTEM32\WINMM.dll
0x00007ff943d50000 - 0x00007ff943dc4000 	C:\WINDOWS\System32\WS2_32.dll
0x00007ff940af0000 - 0x00007ff940b0a000 	C:\WINDOWS\SYSTEM32\kernel.appcore.dll
0x00007ff90bd60000 - 0x00007ff90bd6a000 	C:\Program Files\Java\jdk-20\bin\jimage.dll
0x00007ff93f640000 - 0x00007ff93f881000 	C:\WINDOWS\SYSTEM32\DBGHELP.DLL
0x00007ff943450000 - 0x00007ff9437ce000 	C:\WINDOWS\System32\combase.dll
0x00007ff943890000 - 0x00007ff943966000 	C:\WINDOWS\System32\OLEAUT32.dll
0x00007ff922770000 - 0x00007ff9227a9000 	C:\WINDOWS\SYSTEM32\dbgcore.DLL
0x00007ff9420c0000 - 0x00007ff942159000 	C:\WINDOWS\System32\bcryptPrimitives.dll
0x00007ff93e6a0000 - 0x00007ff93e6ae000 	C:\Program Files\Java\jdk-20\bin\instrument.dll
0x00007ff8fed20000 - 0x00007ff8fed46000 	C:\Program Files\Java\jdk-20\bin\java.dll
0x00007ff89eae0000 - 0x00007ff89ebb7000 	C:\Program Files\Java\jdk-20\bin\jsvml.dll
0x00007ff943fc0000 - 0x00007ff9446c9000 	C:\WINDOWS\System32\SHELL32.dll
0x00007ff93f990000 - 0x00007ff9401c8000 	C:\WINDOWS\SYSTEM32\windows.storage.dll
0x00007ff943ed0000 - 0x00007ff943fba000 	C:\WINDOWS\System32\SHCORE.dll
0x00007ff942f20000 - 0x00007ff942f7d000 	C:\WINDOWS\System32\shlwapi.dll
0x00007ff941bd0000 - 0x00007ff941bfe000 	C:\WINDOWS\SYSTEM32\profapi.dll
0x00007ff8ec9c0000 - 0x00007ff8ec9d8000 	C:\Program Files\Java\jdk-20\bin\zip.dll
0x00007ff8fed00000 - 0x00007ff8fed13000 	C:\Program Files\Java\jdk-20\bin\net.dll
0x00007ff938af0000 - 0x00007ff938c0e000 	C:\WINDOWS\SYSTEM32\WINHTTP.dll
0x00007ff941070000 - 0x00007ff9410d8000 	C:\WINDOWS\system32\mswsock.dll
0x00007ff8ec9e0000 - 0x00007ff8ec9f6000 	C:\Program Files\Java\jdk-20\bin\nio.dll
0x00007ff93c920000 - 0x00007ff93c93a000 	C:\Program Files\JetBrains\IntelliJ IDEA 2023.3.4\bin\breakgen64.dll
0x00007ff90bd20000 - 0x00007ff90bd27000 	C:\Program Files\Java\jdk-20\bin\extnet.dll
0x00007ff9405e0000 - 0x00007ff940705000 	C:\WINDOWS\SYSTEM32\DNSAPI.dll
0x00007ff940540000 - 0x00007ff940572000 	C:\WINDOWS\SYSTEM32\IPHLPAPI.DLL
0x00007ff9448d0000 - 0x00007ff9448da000 	C:\WINDOWS\System32\NSI.dll
0x00007ff936da0000 - 0x00007ff936dab000 	C:\Windows\System32\rasadhlp.dll
0x00007ff93c330000 - 0x00007ff93c3b5000 	C:\WINDOWS\System32\fwpuclnt.dll
0x00007ff93ca10000 - 0x00007ff93ca1a000 	C:\Program Files\Java\jdk-20\bin\management.dll
0x00007ff93ca00000 - 0x00007ff93ca0b000 	C:\Program Files\Java\jdk-20\bin\management_ext.dll
0x00007ff9429a0000 - 0x00007ff9429a8000 	C:\WINDOWS\System32\PSAPI.DLL
0x00007ff941310000 - 0x00007ff94132c000 	C:\WINDOWS\SYSTEM32\CRYPTSP.dll
0x00007ff940a50000 - 0x00007ff940a88000 	C:\WINDOWS\system32\rsaenh.dll
0x00007ff941110000 - 0x00007ff94113b000 	C:\WINDOWS\SYSTEM32\USERENV.dll
0x00007ff9415f0000 - 0x00007ff941616000 	C:\WINDOWS\SYSTEM32\bcrypt.dll
0x00007ff941330000 - 0x00007ff94133c000 	C:\WINDOWS\SYSTEM32\CRYPTBASE.dll
0x00007ff93c300000 - 0x00007ff93c31f000 	C:\WINDOWS\SYSTEM32\dhcpcsvc6.DLL
0x00007ff93c140000 - 0x00007ff93c165000 	C:\WINDOWS\SYSTEM32\dhcpcsvc.DLL
0x00007ff91d780000 - 0x00007ff91d798000 	C:\WINDOWS\system32\napinsp.dll
0x00007ff91d760000 - 0x00007ff91d772000 	C:\WINDOWS\System32\winrnr.dll
0x00007ff91d730000 - 0x00007ff91d752000 	C:\WINDOWS\system32\nlansp_c.dll
0x00007ff91d710000 - 0x00007ff91d726000 	C:\WINDOWS\system32\wshbth.dll
0x00007ff93c850000 - 0x00007ff93c85e000 	C:\Program Files\Java\jdk-20\bin\sunmscapi.dll
0x00007ff9425e0000 - 0x00007ff942756000 	C:\WINDOWS\System32\CRYPT32.dll
0x00007ff9415b0000 - 0x00007ff9415e0000 	C:\WINDOWS\SYSTEM32\ncrypt.dll
0x00007ff941560000 - 0x00007ff94159f000 	C:\WINDOWS\SYSTEM32\NTASN1.dll
0x00007ff90b1b0000 - 0x00007ff90b1c0000 	C:\Program Files\Java\jdk-20\bin\verify.dll
0x00007ff90e830000 - 0x00007ff90e838000 	C:\WINDOWS\system32\wshunix.dll

dbghelp: loaded successfully - version: 4.0.5 - missing functions: none
symbol engine: initialized successfully - sym options: 0x614 - pdb path: .;C:\Program Files\Java\jdk-20\bin;C:\WINDOWS\SYSTEM32;C:\WINDOWS\WinSxS\amd64_microsoft.windows.common-controls_6595b64144ccf1df_6.0.26100.2702_none_3e069454e335fc5e;C:\Program Files\Java\jdk-20\bin\server;C:\Program Files\JetBrains\IntelliJ IDEA 2023.3.4\bin

VM Arguments:
jvm_args: -XX:TieredStopAtLevel=1 -Dspring.output.ansi.enabled=always -Dcom.sun.management.jmxremote -Dspring.jmx.enabled=true -Dspring.liveBeansView.mbeanDomain -Dspring.application.admin.enabled=true -Dmanagement.endpoints.jmx.exposure.include=* -javaagent:C:\Program Files\JetBrains\IntelliJ IDEA 2023.3.4\lib\idea_rt.jar=57683:C:\Program Files\JetBrains\IntelliJ IDEA 2023.3.4\bin -Dfile.encoding=UTF-8 -Dsun.stdout.encoding=UTF-8 -Dsun.stderr.encoding=UTF-8 
java_command: org.peppermint.socialmedia.SocialmediaApplication
java_class_path (initial): C:\Users\Admin\socialmedia\socialmedia\target\classes;C:\Users\Admin\.m2\repository\org\springframework\boot\spring-boot-starter-data-jpa\3.4.0\spring-boot-starter-data-jpa-3.4.0.jar;C:\Users\Admin\.m2\repository\org\springframework\boot\spring-boot-starter\3.4.0\spring-boot-starter-3.4.0.jar;C:\Users\Admin\.m2\repository\org\springframework\boot\spring-boot-starter-logging\3.4.0\spring-boot-starter-logging-3.4.0.jar;C:\Users\Admin\.m2\repository\ch\qos\logback\logback-classic\1.5.12\logback-classic-1.5.12.jar;C:\Users\Admin\.m2\repository\ch\qos\logback\logback-core\1.5.12\logback-core-1.5.12.jar;C:\Users\Admin\.m2\repository\org\apache\logging\log4j\log4j-to-slf4j\2.24.1\log4j-to-slf4j-2.24.1.jar;C:\Users\Admin\.m2\repository\org\apache\logging\log4j\log4j-api\2.24.1\log4j-api-2.24.1.jar;C:\Users\Admin\.m2\repository\org\slf4j\jul-to-slf4j\2.0.16\jul-to-slf4j-2.0.16.jar;C:\Users\Admin\.m2\repository\jakarta\annotation\jakarta.annotation-api\2.1.1\jakarta.annotation-api-2.1.1.jar;C:\Users\Admin\.m2\repository\org\yaml\snakeyaml\2.3\snakeyaml-2.3.jar;C:\Users\Admin\.m2\repository\org\springframework\boot\spring-boot-starter-jdbc\3.4.0\spring-boot-starter-jdbc-3.4.0.jar;C:\Users\Admin\.m2\repository\com\zaxxer\HikariCP\5.1.0\HikariCP-5.1.0.jar;C:\Users\Admin\.m2\repository\org\springframework\spring-jdbc\6.2.0\spring-jdbc-6.2.0.jar;C:\Users\Admin\.m2\repository\org\hibernate\orm\hibernate-core\6.6.2.Final\hibernate-core-6.6.2.Final.jar;C:\Users\Admin\.m2\repository\jakarta\persistence\jakarta.persistence-api\3.1.0\jakarta.persistence-api-3.1.0.jar;C:\Users\Admin\.m2\repository\jakarta\transaction\jakarta.transaction-api\2.0.1\jakarta.transaction-api-2.0.1.jar;C:\Users\Admin\.m2\repository\org\jboss\logging\jboss-logging\3.6.1.Final\jboss-logging-3.6.1.Final.jar;C:\Users\Admin\.m2\repository\org\hibernate\common\hibernate-commons-annotations\7.0.3.Final\hibernate-commons-annotations-7.0.3.Final.jar;C:\Users\Admin\.m2\repository\io\smallrye\jandex\3.2.0\jandex-3.2.0.jar;C:\Users\Admin\.m2\repository\com\fasterxml\classmate\1.7.0\classmate-1.7.0.jar;C:\Users\Admin\.m2\repository\net\bytebuddy\byte-buddy\1.15.10\byte-buddy-1.15.10.jar;C:\Users\Admin\.m2\repository\jakarta\xml\bind\jakarta.xml.bind-api\4.0.2\jakarta.xml.bind-api-4.0.2.jar;C:\Users\Admin\.m2\repository\jakarta\activation\jakarta.activation-api\2.1.3\jakarta.activation-api-2.1.3.jar;C:\Users\Admin\.m2\repository\org\glassfish\jaxb\jaxb-runtime\4.0.5\jaxb-runtime-4.0.5.jar;C:\Users\Admin\.m2\repository\org\glassfish\jaxb\jaxb-core\4.0.5\jaxb-core-4.0.5.jar;C:\Users\Admin\.m2\repository\org\eclipse\angus\angus-activation\2.0.2\angus-activation-2.0.2.jar;C:\Users\Admin\.m2\repository\org\glassfish\jaxb\txw2\4.0.5\txw2-4.0.5.jar;C:\Users\Admin\.m2\repository\com\sun\istack\istack-commons-runtime\4.1.2\istack-commons-runtime-4.1.2.jar;C:\Users\Admin\.m2\repository\jakarta\inject\jakarta.inject-api\2.0.1\jakarta.inject-api-2.0.1.jar;C:\Users\Admin\.m2\repository\org\antlr\antlr4-runtime\4.13.0\antlr4-runtime-4.13.0.jar;C:\Users\Admin\.m2\repository\org\springframework\data\spring-data-jpa\3.4.0\spring-data-jpa-3.4.0.jar;C:\Users\Admin\.m2\repository\org\springframework\data\spring-data-commons\3.4.0\spring-data-commons-3.4.0.jar;C:\Users\Admin\.m2\repository\org\springframework\spring-orm\6.2.0\spring-orm-6.2.0.jar;C:\Users\Admin\.m2\repository\org\springframework\spring-aspects\6.2.0\spring-aspects-6.2.0.jar;C:\Users\Admin\.m2\repository\org\aspectj\aspectjweaver\1.9.22.1\aspectjweaver-1.9.22.1.jar;C:\Users\Admin\.m2\repository\org\springframework\boot\spring-boot-starter-security\3.4.0\spring-boot-starter-security-3.4.0.jar;C:\Users\Admin\.m2\repository\org\springframework\spring-aop\6.2.0\spring-aop-6.2.0.jar;C:\Users\Admin\.m2\repository\org\springframework\security\spring-security-config\6.4.1\spring-security-config-6.4.1.jar;C:\Users\Admin\.m2\repository\org\springframework\security\spring-security-core\6.4.1\spring-security-core-6.4.1.jar;C:\Users\Admin\.m2\repository\org\springframework\security\spring-security-crypto\6.4.1\spring-security-crypto-6.4.1.jar;C:\Users\Admin\.m2\repository\org\springframework\security\spring-security-web\6.4.1\spring-security-web-6.4.1.jar;C:\Users\Admin\.m2\repository\org\springframework\spring-expression\6.2.0\spring-expression-6.2.0.jar;C:\Users\Admin\.m2\repository\org\springframework\boot\spring-boot-starter-web\3.4.0\spring-boot-starter-web-3.4.0.jar;C:\Users\Admin\.m2\repository\org\springframework\boot\spring-boot-starter-json\3.4.0\spring-boot-starter-json-3.4.0.jar;C:\Users\Admin\.m2\repository\com\fasterxml\jackson\datatype\jackson-datatype-jdk8\2.18.1\jackson-datatype-jdk8-2.18.1.jar;C:\Users\Admin\.m2\repository\com\fasterxml\jackson\module\jackson-module-parameter-names\2.18.1\jackson-module-parameter-names-2.18.1.jar;C:\Users\Admin\.m2\repository\org\springframework\boot\spring-boot-starter-tomcat\3.4.0\spring-boot-starter-tomcat-3.4.0.jar;C:\Users\Admin\.m2\repository\org\apache\tomcat\embed\tomcat-embed-core\10.1.33\tomcat-embed-core-10.1.33.jar;C:\Users\Admin\.m2\repository\org\apache\tomcat\embed\tomcat-embed-el\10.1.33\tomcat-embed-el-10.1.33.jar;C:\Users\Admin\.m2\repository\org\apache\tomcat\embed\tomcat-embed-websocket\10.1.33\tomcat-embed-websocket-10.1.33.jar;C:\Users\Admin\.m2\repository\org\springframework\spring-web\6.2.0\spring-web-6.2.0.jar;C:\Users\Admin\.m2\repository\io\micrometer\micrometer-observation\1.14.1\micrometer-observation-1.14.1.jar;C:\Users\Admin\.m2\repository\io\micrometer\micrometer-commons\1.14.1\micrometer-commons-1.14.1.jar;C:\Users\Admin\.m2\repository\org\springframework\spring-webmvc\6.2.0\spring-webmvc-6.2.0.jar;C:\Users\Admin\.m2\repository\org\springframework\boot\spring-boot-devtools\3.4.0\spring-boot-devtools-3.4.0.jar;C:\Users\Admin\.m2\repository\org\springframework\boot\spring-boot\3.4.0\spring-boot-3.4.0.jar;C:\Users\Admin\.m2\repository\org\springframework\boot\spring-boot-autoconfigure\3.4.0\spring-boot-autoconfigure-3.4.0.jar;C:\Users\Admin\.m2\repository\com\mysql\mysql-connector-j\9.1.0\mysql-connector-j-9.1.0.jar;C:\Users\Admin\.m2\repository\org\projectlombok\lombok\1.18.36\lombok-1.18.36.jar;C:\Users\Admin\.m2\repository\com\auth0\java-jwt\4.4.0\java-jwt-4.4.0.jar;C:\Users\Admin\.m2\repository\com\fasterxml\jackson\core\jackson-databind\2.18.1\jackson-databind-2.18.1.jar;C:\Users\Admin\.m2\repository\org\springframework\data\spring-data-redis\3.4.0\spring-data-redis-3.4.0.jar;C:\Users\Admin\.m2\repository\org\springframework\data\spring-data-keyvalue\3.4.0\spring-data-keyvalue-3.4.0.jar;C:\Users\Admin\.m2\repository\org\springframework\spring-tx\6.2.0\spring-tx-6.2.0.jar;C:\Users\Admin\.m2\repository\org\springframework\spring-oxm\6.2.0\spring-oxm-6.2.0.jar;C:\Users\Admin\.m2\repository\org\springframework\spring-context-support\6.2.0\spring-context-support-6.2.0.jar;C:\Users\Admin\.m2\repository\org\slf4j\slf4j-api\2.0.16\slf4j-api-2.0.16.jar;C:\Users\Admin\.m2\repository\redis\clients\jedis\5.2.0\jedis-5.2.0.jar;C:\Users\Admin\.m2\repository\org\apache\commons\commons-pool2\2.12.0\commons-pool2-2.12.0.jar;C:\Users\Admin\.m2\repository\org\json\json\20240303\json-20240303.jar;C:\Users\Admin\.m2\repository\com\google\code\gson\gson\2.11.0\gson-2.11.0.jar;C:\Users\Admin\.m2\repository\com\google\errorprone\error_prone_annotations\2.27.0\error_prone_annotations-2.27.0.jar;C:\Users\Admin\.m2\repository\org\springframework\spring-websocket\6.2.0\spring-websocket-6.2.0.jar;C:\Users\Admin\.m2\repository\org\springframework\spring-context\6.2.0\spring-context-6.2.0.jar;C:\Users\Admin\.m2\repository\org\springframework\spring-core\6.2.0\spring-core-6.2.0.jar;C:\Users\Admin\.m2\repository\org\springframework\spring-jcl\6.2.0\spring-jcl-6.2.0.jar;C:\Users\Admin\.m2\repository\org\springframework\spring-messaging\6.1.12\spring-messaging-6.1.12.jar;C:\Users\Admin\.m2\repository\org\springframework\spring-beans\6.2.0\spring-beans-6.2.0.jar;C:\Users\Admin\.m2\repository\com\fasterxml\jackson\datatype\jackson-datatype-jsr310\2.18.1\jackson-datatype-jsr310-2.18.1.jar;C:\Users\Admin\.m2\repository\com\fasterxml\jackson\core\jackson-annotations\2.18.1\jackson-annotations-2.18.1.jar;C:\Users\Admin\.m2\repository\com\fasterxml\jackson\core\jackson-core\2.18.1\jackson-core-2.18.1.jar
Launcher Type: SUN_STANDARD

[Global flags]
     intx CICompilerCount                          = 4                                         {product} {ergonomic}
     uint ConcGCThreads                            = 2                                         {product} {ergonomic}
     uint G1ConcRefinementThreads                  = 8                                         {product} {ergonomic}
   size_t G1HeapRegionSize                         = 1048576                                   {product} {ergonomic}
    uintx GCDrainStackTargetSize                   = 64                                        {product} {ergonomic}
   size_t InitialHeapSize                          = 130023424                                 {product} {ergonomic}
     bool ManagementServer                         = true                                      {product} {command line}
   size_t MarkStackSize                            = 4194304                                   {product} {ergonomic}
   size_t MaxHeapSize                              = 2069889024                                {product} {ergonomic}
   size_t MaxNewSize                               = 1241513984                                {product} {ergonomic}
   size_t MinHeapDeltaBytes                        = 1048576                                   {product} {ergonomic}
   size_t MinHeapSize                              = 8388608                                   {product} {ergonomic}
    uintx NonProfiledCodeHeapSize                  = 0                                      {pd product} {ergonomic}
     bool ProfileInterpreter                       = false                                  {pd product} {command line}
    uintx ProfiledCodeHeapSize                     = 0                                      {pd product} {ergonomic}
   size_t SoftMaxHeapSize                          = 2069889024                             {manageable} {ergonomic}
     intx TieredStopAtLevel                        = 1                                         {product} {command line}
     bool UseCompressedClassPointers               = true                           {product lp64_product} {ergonomic}
     bool UseCompressedOops                        = true                           {product lp64_product} {ergonomic}
     bool UseG1GC                                  = true                                      {product} {ergonomic}
     bool UseLargePagesIndividualAllocation        = false                                  {pd product} {ergonomic}

Logging:
Log output configuration:
 #0: stdout all=warning uptime,level,tags foldmultilines=false
 #1: stderr all=off uptime,level,tags foldmultilines=false

Environment Variables:
JAVA_HOME=C:\Program Files\Java\jdk-20
PATH=C:\Program Files\Common Files\Oracle\Java\javapath;C:\Program Files (x86)\Common Files\Oracle\Java\javapath;C:\WINDOWS\system32;C:\WINDOWS;C:\WINDOWS\System32\Wbem;C:\WINDOWS\System32\WindowsPowerShell\v1.0\;C:\WINDOWS\System32\OpenSSH\;C:\MinGW\bin;C:\Program Files\Java\jdk-20\bin;C:\Program Files\x86_64-8.1.0-release-posix-sjlj-rt_v6-rev0.7z;C:\Program Files\Git\cmd;C:\Program Files (x86)\gnupg\bin;C:\Users\Admin\Downloads\apache-maven-3.9.6-bin\apache-maven-3.9.6\bin;C:\Program Files\Docker\Docker\resources\bin;C:\Program Files\nodejs\;C:\ProgramData\chocolatey\bin;C:\Users\Admin\AppData\Local\Programs\Python\Python311\Scripts;C:\Users\Admin\anaconda3\Scripts;C:\Program Files\MySQL\MySQL Server 8.2\bin;C:\Program Files\Cloudflare\Cloudflare WARP\;C:\Android\platform-tools;C:\Users\Admin\anaconda3;C:\Users\Admin\anaconda3\Library\mingw-w64\bin;C:\Users\Admin\anaconda3\Library\usr\bin;C:\Users\Admin\anaconda3\Library\bin;C:\Users\Admin\anaconda3\Scripts;C:\Program Files\Java\jdk-20\bin;C:\Users\Admin\AppData\Local\Programs\Microsoft VS Code\bin;C:\Users\Admin\AppData\Local\Microsoft\WindowsApps;C:\Program Files\sqlite;C:\Program Files\JetBrains\IntelliJ IDEA 2023.3.4\bin;;C:\Program Files\JetBrains\PyCharm 2023.3.4\bin;;C:\Users\Admin\Downloads\gradle-8.6-bin\gradle-8.6\bin;C:\Users\Admin\AppData\Roaming\npm;C:\Users\Admin\AppData\Local\Programs\Python\Python311\Scripts;C:\Program Files\MySQL\MySQL Server 8.2\bin;
USERNAME=Admin
OS=Windows_NT
PROCESSOR_IDENTIFIER=Intel64 Family 6 Model 140 Stepping 1, GenuineIntel
TMP=C:\Users\Admin\AppData\Local\Temp
TEMP=C:\Users\Admin\AppData\Local\Temp




---------------  S Y S T E M  ---------------

OS:
 Windows 11 , 64 bit Build 26100 (10.0.26100.2992)
OS uptime: 0 days 15:09 hours
Hyper-V role detected

CPU: total 8 (initial active 8) (4 cores per cpu, 2 threads per core) family 6 model 140 stepping 1 microcode 0x60, cx8, cmov, fxsr, ht, mmx, 3dnowpref, sse, sse2, sse3, ssse3, sse4.1, sse4.2, popcnt, lzcnt, tsc, tscinvbit, avx, avx2, aes, erms, clmul, bmi1, bmi2, adx, avx512f, avx512dq, avx512cd, avx512bw, avx512vl, sha, fma, vzeroupper, avx512_vpopcntdq, avx512_vpclmulqdq, avx512_vaes, avx512_vnni, clflush, clflushopt, clwb, avx512_vbmi2, avx512_vbmi, hv, rdtscp, rdpid, fsrm, gfni, avx512_bitalg, f16c, cet_ibt, cet_ss, avx512_ifma

Memory: 4k page, system-wide physical 7894M (424M free)
TotalPageFile size 19750M (AvailPageFile size 0M)
current process WorkingSet (physical memory assigned to process): 234M, peak: 234M
current process commit charge ("private bytes"): 273M, peak: 273M

vm_info: Java HotSpot(TM) 64-Bit Server VM (20.0.2+9-78) for windows-amd64 JRE (20.0.2+9-78), built on 2023-06-14T10:08:48Z by "mach5one" with MS VC++ 17.1 (VS2022)

END.
